#
# There is insufficient memory for the Java Runtime Environment to continue.
# Native memory allocation (malloc) failed to allocate 476096 bytes for Chunk::new
# Possible reasons:
#   The system is out of physical RAM or swap space
#   The process is running with CompressedOops enabled, and the Java Heap may be blocking the growth of the native heap
# Possible solutions:
#   Reduce memory load on the system
#   Increase physical memory or swap space
#   Check if swap backing store is full
#   Decrease Java heap size (-Xmx/-Xms)
#   Decrease number of Java threads
#   Decrease Java thread stack sizes (-Xss)
#   Set larger code cache with -XX:ReservedCodeCacheSize=
#   JVM is running with Unscaled Compressed Oops mode in which the Java heap is
#     placed in the first 4GB address space. The Java Heap base address is the
#     maximum limit for the native heap growth. Please use -XX:HeapBaseMinAddress
#     to set the Java Heap base and to place the Java Heap above 4GB virtual address.
# This output file may be truncated or incomplete.
#
#  Out of Memory Error (allocation.cpp:389), pid=13704, tid=0x0000000000001e3c
#
# JRE version: Java(TM) SE Runtime Environment (8.0_271-b09) (build 1.8.0_271-b09)
# Java VM: Java HotSpot(TM) 64-Bit Server VM (25.271-b09 mixed mode windows-amd64 compressed oops)
# Failed to write core dump. Minidumps are not enabled by default on client versions of Windows
#

---------------  T H R E A D  ---------------

Current thread (0x00000259fe3ae000):  JavaThread "C2 CompilerThread2" daemon [_thread_in_native, id=7740, stack(0x00000075f6400000,0x00000075f6500000)]

Stack: [0x00000075f6400000,0x00000075f6500000]
Native frames: (J=compiled Java code, j=interpreted, Vv=VM code, C=native code)
V  [jvm.dll+0x33f6c9]
V  [jvm.dll+0x286122]
V  [jvm.dll+0x286dcd]
V  [jvm.dll+0x27d805]
V  [jvm.dll+0xe574c]
V  [jvm.dll+0xe5f4c]
V  [jvm.dll+0x462b72]
V  [jvm.dll+0x49df9d]
V  [jvm.dll+0x45251f]
V  [jvm.dll+0x44feb4]
V  [jvm.dll+0x43aef7]
V  [jvm.dll+0xbc3eb]
V  [jvm.dll+0xbaa4b]
V  [jvm.dll+0x24e7c2]
V  [jvm.dll+0x2a2dcc]
C  [ucrtbase.dll+0x210b2]
C  [KERNEL32.DLL+0x17c24]
C  [ntdll.dll+0x6d721]


Current CompileTask:
C2:   6681 3485       4       java.net.URLStreamHandler::parseURL (1193 bytes)


---------------  P R O C E S S  ---------------

Java Threads: ( => current thread )
  0x0000025992654800 JavaThread "HikariPool-1 connection adder" daemon [_thread_blocked, id=19644, stack(0x00000075f6a00000,0x00000075f6b00000)]
  0x00000259903a2800 JavaThread "HikariPool-1 housekeeper" daemon [_thread_blocked, id=1996, stack(0x00000075f6900000,0x00000075f6a00000)]
  0x00000259fe3ec800 JavaThread "Service Thread" daemon [_thread_blocked, id=16580, stack(0x00000075f6600000,0x00000075f6700000)]
  0x00000259fe3c0000 JavaThread "C1 CompilerThread3" daemon [_thread_blocked, id=20740, stack(0x00000075f6500000,0x00000075f6600000)]
=>0x00000259fe3ae000 JavaThread "C2 CompilerThread2" daemon [_thread_in_native, id=7740, stack(0x00000075f6400000,0x00000075f6500000)]
  0x00000259fe3aa800 JavaThread "C2 CompilerThread1" daemon [_thread_blocked, id=7340, stack(0x00000075f6300000,0x00000075f6400000)]
  0x00000259fe3a7000 JavaThread "C2 CompilerThread0" daemon [_thread_in_native, id=10700, stack(0x00000075f6200000,0x00000075f6300000)]
  0x00000259fe3a4800 JavaThread "Monitor Ctrl-Break" daemon [_thread_in_native, id=15496, stack(0x00000075f6100000,0x00000075f6200000)]
  0x00000259fc587800 JavaThread "Attach Listener" daemon [_thread_blocked, id=10016, stack(0x00000075f6000000,0x00000075f6100000)]
  0x00000259fc58c800 JavaThread "Signal Dispatcher" daemon [_thread_blocked, id=20604, stack(0x00000075f5f00000,0x00000075f6000000)]
  0x00000259fc562000 JavaThread "Finalizer" daemon [_thread_blocked, id=14200, stack(0x00000075f5e00000,0x00000075f5f00000)]
  0x00000259fc559800 JavaThread "Reference Handler" daemon [_thread_blocked, id=3628, stack(0x00000075f5d00000,0x00000075f5e00000)]
  0x00000259f5439000 JavaThread "main" [_thread_in_native, id=17664, stack(0x00000075f5300000,0x00000075f5400000)]

Other Threads:
  0x00000259fc52f000 VMThread [stack: 0x00000075f5c00000,0x00000075f5d00000] [id=7184]
  0x00000259fe4b3800 WatcherThread [stack: 0x00000075f6700000,0x00000075f6800000] [id=2284]

VM state:not at safepoint (normal execution)

VM Mutex/Monitor currently owned by a thread: None

heap address: 0x0000000081a00000, size: 2022 MB, Compressed Oops mode: 32-bit
Narrow klass base: 0x0000000000000000, Narrow klass shift: 3
Compressed class space size: 1073741824 Address: 0x0000000100000000

Heap:
 PSYoungGen      total 200704K, used 74947K [0x00000000d5e00000, 0x00000000e4280000, 0x0000000100000000)
  eden space 190464K, 39% used [0x00000000d5e00000,0x00000000da730eb0,0x00000000e1800000)
  from space 10240K, 0% used [0x00000000e2280000,0x00000000e2280000,0x00000000e2c80000)
  to   space 10752K, 0% used [0x00000000e1800000,0x00000000e1800000,0x00000000e2280000)
 ParOldGen       total 52736K, used 12929K [0x0000000081a00000, 0x0000000084d80000, 0x00000000d5e00000)
  object space 52736K, 24% used [0x0000000081a00000,0x00000000826a04f0,0x0000000084d80000)
 Metaspace       used 40099K, capacity 42486K, committed 42792K, reserved 1085440K
  class space    used 5436K, capacity 5911K, committed 5928K, reserved 1048576K

Card table byte_map: [0x00000259f7210000,0x00000259f7610000] byte_map_base: 0x00000259f6e03000

Marking Bits: (ParMarkBitMap*) 0x0000000072057fe0
 Begin Bits: [0x00000259f78c0000, 0x00000259f9858000)
 End Bits:   [0x00000259f9858000, 0x00000259fb7f0000)

Polling page: 0x00000259f5530000

CodeCache: size=245760Kb used=12182Kb max_used=12193Kb free=233577Kb
 bounds [0x0000025980000000, 0x0000025980c00000, 0x000002598f000000]
 total_blobs=3895 nmethods=3429 adapters=378
 compilation: enabled

Compilation events (10 events):
Event: 6.629 Thread 0x00000259fe3c0000 3500       3       java.util.Collections$UnmodifiableMap$UnmodifiableEntrySet$1::hasNext (10 bytes)
Event: 6.629 Thread 0x00000259fe3c0000 nmethod 3500 0x0000025980be0b10 code [0x0000025980be0c80, 0x0000025980be0eb0]
Event: 6.629 Thread 0x00000259fe3c0000 3498       1       org.hibernate.jpa.event.spi.CallbackType::getCallbackAnnotation (5 bytes)
Event: 6.629 Thread 0x00000259fe3c0000 nmethod 3498 0x0000025980be0850 code [0x0000025980be09a0, 0x0000025980be0ab8]
Event: 6.629 Thread 0x00000259fe3c0000 3501       3       java.util.Collections$UnmodifiableMap$UnmodifiableEntrySet$1::next (5 bytes)
Event: 6.630 Thread 0x00000259fe3c0000 nmethod 3501 0x0000025980beb2d0 code [0x0000025980beb480, 0x0000025980bebaa0]
Event: 6.633 Thread 0x00000259fe3a7000 3502       4       java.lang.Class$MethodArray::matchesNameAndDescriptor (42 bytes)
Event: 6.633 Thread 0x00000259fe3aa800 3503       4       java.lang.Class$MethodArray::addIfNotPresent (47 bytes)
Event: 6.635 Thread 0x00000259fe3a7000 nmethod 3502 0x0000025980beec10 code [0x0000025980beed60, 0x0000025980beefe8]
Event: 6.635 Thread 0x00000259fe3a7000 3504       4       java.lang.Class$MethodArray::removeByNameAndDescriptor (42 bytes)

GC Heap History (10 events):
Event: 2.809 GC heap before
{Heap before GC invocations=6 (full 1):
 PSYoungGen      total 71680K, used 5110K [0x00000000d5e00000, 0x00000000df100000, 0x0000000100000000)
  eden space 66560K, 0% used [0x00000000d5e00000,0x00000000d5e00000,0x00000000d9f00000)
  from space 5120K, 99% used [0x00000000d9f00000,0x00000000da3fd820,0x00000000da400000)
  to   space 8704K, 0% used [0x00000000de880000,0x00000000de880000,0x00000000df100000)
 ParOldGen       total 87552K, used 4739K [0x0000000081a00000, 0x0000000086f80000, 0x00000000d5e00000)
  object space 87552K, 5% used [0x0000000081a00000,0x0000000081ea0e78,0x0000000086f80000)
 Metaspace       used 19759K, capacity 21168K, committed 21296K, reserved 1067008K
  class space    used 2551K, capacity 2825K, committed 2944K, reserved 1048576K
Event: 2.841 GC heap after
Heap after GC invocations=6 (full 1):
 PSYoungGen      total 71680K, used 0K [0x00000000d5e00000, 0x00000000df100000, 0x0000000100000000)
  eden space 66560K, 0% used [0x00000000d5e00000,0x00000000d5e00000,0x00000000d9f00000)
  from space 5120K, 0% used [0x00000000d9f00000,0x00000000d9f00000,0x00000000da400000)
  to   space 8704K, 0% used [0x00000000de880000,0x00000000de880000,0x00000000df100000)
 ParOldGen       total 52736K, used 7213K [0x0000000081a00000, 0x0000000084d80000, 0x00000000d5e00000)
  object space 52736K, 13% used [0x0000000081a00000,0x000000008210b708,0x0000000084d80000)
 Metaspace       used 19759K, capacity 21168K, committed 21296K, reserved 1067008K
  class space    used 2551K, capacity 2825K, committed 2944K, reserved 1048576K
}
Event: 3.067 GC heap before
{Heap before GC invocations=7 (full 1):
 PSYoungGen      total 71680K, used 66518K [0x00000000d5e00000, 0x00000000df100000, 0x0000000100000000)
  eden space 66560K, 99% used [0x00000000d5e00000,0x00000000d9ef5b80,0x00000000d9f00000)
  from space 5120K, 0% used [0x00000000d9f00000,0x00000000d9f00000,0x00000000da400000)
  to   space 8704K, 0% used [0x00000000de880000,0x00000000de880000,0x00000000df100000)
 ParOldGen       total 52736K, used 7213K [0x0000000081a00000, 0x0000000084d80000, 0x00000000d5e00000)
  object space 52736K, 13% used [0x0000000081a00000,0x000000008210b708,0x0000000084d80000)
 Metaspace       used 22541K, capacity 24080K, committed 24320K, reserved 1071104K
  class space    used 2949K, capacity 3257K, committed 3328K, reserved 1048576K
Event: 3.072 GC heap after
Heap after GC invocations=7 (full 1):
 PSYoungGen      total 118784K, used 4185K [0x00000000d5e00000, 0x00000000ded00000, 0x0000000100000000)
  eden space 114176K, 0% used [0x00000000d5e00000,0x00000000d5e00000,0x00000000dcd80000)
  from space 4608K, 90% used [0x00000000de880000,0x00000000dec96538,0x00000000ded00000)
  to   space 8704K, 0% used [0x00000000ddc00000,0x00000000ddc00000,0x00000000de480000)
 ParOldGen       total 52736K, used 7213K [0x0000000081a00000, 0x0000000084d80000, 0x00000000d5e00000)
  object space 52736K, 13% used [0x0000000081a00000,0x000000008210b708,0x0000000084d80000)
 Metaspace       used 22541K, capacity 24080K, committed 24320K, reserved 1071104K
  class space    used 2949K, capacity 3257K, committed 3328K, reserved 1048576K
}
Event: 4.589 GC heap before
{Heap before GC invocations=8 (full 1):
 PSYoungGen      total 118784K, used 118361K [0x00000000d5e00000, 0x00000000ded00000, 0x0000000100000000)
  eden space 114176K, 100% used [0x00000000d5e00000,0x00000000dcd80000,0x00000000dcd80000)
  from space 4608K, 90% used [0x00000000de880000,0x00000000dec96538,0x00000000ded00000)
  to   space 8704K, 0% used [0x00000000ddc00000,0x00000000ddc00000,0x00000000de480000)
 ParOldGen       total 52736K, used 7213K [0x0000000081a00000, 0x0000000084d80000, 0x00000000d5e00000)
  object space 52736K, 13% used [0x0000000081a00000,0x000000008210b708,0x0000000084d80000)
 Metaspace       used 28969K, capacity 31202K, committed 31488K, reserved 1077248K
  class space    used 3855K, capacity 4288K, committed 4352K, reserved 1048576K
Event: 4.600 GC heap after
Heap after GC invocations=8 (full 1):
 PSYoungGen      total 137728K, used 8689K [0x00000000d5e00000, 0x00000000e2c80000, 0x0000000100000000)
  eden space 129024K, 0% used [0x00000000d5e00000,0x00000000d5e00000,0x00000000ddc00000)
  from space 8704K, 99% used [0x00000000ddc00000,0x00000000de47c610,0x00000000de480000)
  to   space 10240K, 0% used [0x00000000e2280000,0x00000000e2280000,0x00000000e2c80000)
 ParOldGen       total 52736K, used 7696K [0x0000000081a00000, 0x0000000084d80000, 0x00000000d5e00000)
  object space 52736K, 14% used [0x0000000081a00000,0x0000000082184180,0x0000000084d80000)
 Metaspace       used 28969K, capacity 31202K, committed 31488K, reserved 1077248K
  class space    used 3855K, capacity 4288K, committed 4352K, reserved 1048576K
}
Event: 5.374 GC heap before
{Heap before GC invocations=9 (full 1):
 PSYoungGen      total 137728K, used 61446K [0x00000000d5e00000, 0x00000000e2c80000, 0x0000000100000000)
  eden space 129024K, 40% used [0x00000000d5e00000,0x00000000d91852e8,0x00000000ddc00000)
  from space 8704K, 99% used [0x00000000ddc00000,0x00000000de47c610,0x00000000de480000)
  to   space 10240K, 0% used [0x00000000e2280000,0x00000000e2280000,0x00000000e2c80000)
 ParOldGen       total 52736K, used 7696K [0x0000000081a00000, 0x0000000084d80000, 0x00000000d5e00000)
  object space 52736K, 14% used [0x0000000081a00000,0x0000000082184180,0x0000000084d80000)
 Metaspace       used 33132K, capacity 35420K, committed 35496K, reserved 1079296K
  class space    used 4587K, capacity 5019K, committed 5032K, reserved 1048576K
Event: 5.385 GC heap after
Heap after GC invocations=9 (full 1):
 PSYoungGen      total 200704K, used 8257K [0x00000000d5e00000, 0x00000000e4280000, 0x0000000100000000)
  eden space 190464K, 0% used [0x00000000d5e00000,0x00000000d5e00000,0x00000000e1800000)
  from space 10240K, 80% used [0x00000000e2280000,0x00000000e2a90500,0x00000000e2c80000)
  to   space 10752K, 0% used [0x00000000e1800000,0x00000000e1800000,0x00000000e2280000)
 ParOldGen       total 52736K, used 7696K [0x0000000081a00000, 0x0000000084d80000, 0x00000000d5e00000)
  object space 52736K, 14% used [0x0000000081a00000,0x0000000082184180,0x0000000084d80000)
 Metaspace       used 33132K, capacity 35420K, committed 35496K, reserved 1079296K
  class space    used 4587K, capacity 5019K, committed 5032K, reserved 1048576K
}
Event: 5.385 GC heap before
{Heap before GC invocations=10 (full 2):
 PSYoungGen      total 200704K, used 8257K [0x00000000d5e00000, 0x00000000e4280000, 0x0000000100000000)
  eden space 190464K, 0% used [0x00000000d5e00000,0x00000000d5e00000,0x00000000e1800000)
  from space 10240K, 80% used [0x00000000e2280000,0x00000000e2a90500,0x00000000e2c80000)
  to   space 10752K, 0% used [0x00000000e1800000,0x00000000e1800000,0x00000000e2280000)
 ParOldGen       total 52736K, used 7696K [0x0000000081a00000, 0x0000000084d80000, 0x00000000d5e00000)
  object space 52736K, 14% used [0x0000000081a00000,0x0000000082184180,0x0000000084d80000)
 Metaspace       used 33132K, capacity 35420K, committed 35496K, reserved 1079296K
  class space    used 4587K, capacity 5019K, committed 5032K, reserved 1048576K
Event: 5.469 GC heap after
Heap after GC invocations=10 (full 2):
 PSYoungGen      total 200704K, used 0K [0x00000000d5e00000, 0x00000000e4280000, 0x0000000100000000)
  eden space 190464K, 0% used [0x00000000d5e00000,0x00000000d5e00000,0x00000000e1800000)
  from space 10240K, 0% used [0x00000000e2280000,0x00000000e2280000,0x00000000e2c80000)
  to   space 10752K, 0% used [0x00000000e1800000,0x00000000e1800000,0x00000000e2280000)
 ParOldGen       total 52736K, used 12929K [0x0000000081a00000, 0x0000000084d80000, 0x00000000d5e00000)
  object space 52736K, 24% used [0x0000000081a00000,0x00000000826a04f0,0x0000000084d80000)
 Metaspace       used 33132K, capacity 35420K, committed 35496K, reserved 1079296K
  class space    used 4587K, capacity 5019K, committed 5032K, reserved 1048576K
}

Deoptimization events (10 events):
Event: 6.234 Thread 0x0000025992654800 Uncommon trap: reason=class_check action=maybe_recompile pc=0x0000025980b36aa8 method=sun.security.provider.DigestBase.engineDigest([BII)I @ 97
Event: 6.234 Thread 0x0000025992654800 Uncommon trap: reason=speculate_class_check action=maybe_recompile pc=0x0000025980b290b8 method=sun.security.provider.DigestBase.engineReset()V @ 11
Event: 6.234 Thread 0x0000025992654800 Uncommon trap: reason=class_check action=maybe_recompile pc=0x0000025980b36aa8 method=sun.security.provider.DigestBase.engineDigest([BII)I @ 97
Event: 6.234 Thread 0x0000025992654800 Uncommon trap: reason=speculate_class_check action=maybe_recompile pc=0x0000025980b290b8 method=sun.security.provider.DigestBase.engineReset()V @ 11
Event: 6.234 Thread 0x0000025992654800 Uncommon trap: reason=class_check action=maybe_recompile pc=0x0000025980b36aa8 method=sun.security.provider.DigestBase.engineDigest([BII)I @ 97
Event: 6.234 Thread 0x0000025992654800 Uncommon trap: reason=speculate_class_check action=maybe_recompile pc=0x0000025980b290b8 method=sun.security.provider.DigestBase.engineReset()V @ 11
Event: 6.246 Thread 0x0000025992654800 Uncommon trap: reason=unstable_if action=reinterpret pc=0x0000025980b71a40 method=com.sun.crypto.provider.PBKDF2KeyImpl.deriveKey(Ljavax/crypto/Mac;[B[BII)[B @ 172
Event: 6.503 Thread 0x00000259f5439000 Uncommon trap: reason=bimorphic action=maybe_recompile pc=0x0000025980132590 method=java.security.MessageDigest$Delegate.engineDigest()[B @ 4
Event: 6.503 Thread 0x00000259f5439000 Uncommon trap: reason=bimorphic action=maybe_recompile pc=0x0000025980132590 method=java.security.MessageDigest$Delegate.engineDigest()[B @ 4
Event: 6.628 Thread 0x0000025992654800 Uncommon trap: reason=bimorphic action=maybe_recompile pc=0x0000025980b4a5a8 method=java.lang.Throwable.<init>(Ljava/lang/String;Ljava/lang/Throwable;)V @ 24

Classes redefined (0 events):
No events

Internal exceptions (10 events):
Event: 4.405 Thread 0x00000259f5439000 Exception <a 'java/lang/ClassNotFoundException': org/springframework/beans/factory/AwareCustomizer> (0x00000000dbea56d0) thrown at [C:\jenkins\workspace\8-2-build-windows-amd64-cygwin\jdk8u271\605\hotspot\src\share\vm\classfile\systemDictionary.cpp, line 
Event: 4.406 Thread 0x00000259f5439000 Exception <a 'java/lang/ClassNotFoundException': org/springframework/beans/factory/BeanNameAwareCustomizer> (0x00000000dbec83f0) thrown at [C:\jenkins\workspace\8-2-build-windows-amd64-cygwin\jdk8u271\605\hotspot\src\share\vm\classfile\systemDictionary.cp
Event: 4.407 Thread 0x00000259f5439000 Exception <a 'java/lang/ClassNotFoundException': org/springframework/beans/factory/AwareCustomizer> (0x00000000dbee9078) thrown at [C:\jenkins\workspace\8-2-build-windows-amd64-cygwin\jdk8u271\605\hotspot\src\share\vm\classfile\systemDictionary.cpp, line 
Event: 4.409 Thread 0x00000259f5439000 Exception <a 'java/lang/ClassNotFoundException': org/springframework/beans/factory/InitializingBeanCustomizer> (0x00000000dbf0d478) thrown at [C:\jenkins\workspace\8-2-build-windows-amd64-cygwin\jdk8u271\605\hotspot\src\share\vm\classfile\systemDictionary
Event: 4.411 Thread 0x00000259f5439000 Exception <a 'java/lang/ClassNotFoundException': org/springframework/beans/factory/DisposableBeanCustomizer> (0x00000000dbf30988) thrown at [C:\jenkins\workspace\8-2-build-windows-amd64-cygwin\jdk8u271\605\hotspot\src\share\vm\classfile\systemDictionary.c
Event: 4.411 Thread 0x00000259f5439000 Exception <a 'java/lang/ClassNotFoundException': org/springframework/orm/jpa/EntityManagerFactoryInfoCustomizer> (0x00000000dbf56290) thrown at [C:\jenkins\workspace\8-2-build-windows-amd64-cygwin\jdk8u271\605\hotspot\src\share\vm\classfile\systemDictiona
Event: 4.413 Thread 0x00000259f5439000 Exception <a 'java/lang/ClassNotFoundException': org/springframework/dao/support/PersistenceExceptionTranslatorCustomizer> (0x00000000dbf8d3d8) thrown at [C:\jenkins\workspace\8-2-build-windows-amd64-cygwin\jdk8u271\605\hotspot\src\share\vm\classfile\syst
Event: 5.865 Thread 0x00000259f5439000 Implicit null exception at 0x0000025980a3f310 to 0x0000025980a41e7d
Event: 6.624 Thread 0x0000025992654800 Exception <a 'sun/net/ConnectionResetException': > (0x00000000d994fc20) thrown at [C:\jenkins\workspace\8-2-build-windows-amd64-cygwin\jdk8u271\605\hotspot\src\share\vm\prims\jni.cpp, line 737]
Event: 6.624 Thread 0x0000025992654800 Exception <a 'sun/net/ConnectionResetException': > (0x00000000d994fe50) thrown at [C:\jenkins\workspace\8-2-build-windows-amd64-cygwin\jdk8u271\605\hotspot\src\share\vm\prims\jni.cpp, line 737]

Events (10 events):
Event: 6.638 loading class javax/persistence/criteria/Join
Event: 6.638 loading class javax/persistence/criteria/Join done
Event: 6.638 loading class javax/persistence/criteria/From
Event: 6.638 loading class javax/persistence/criteria/From done
Event: 6.638 loading class javax/persistence/criteria/Path
Event: 6.638 loading class javax/persistence/criteria/Path done
Event: 6.638 loading class javax/persistence/criteria/FetchParent
Event: 6.638 loading class javax/persistence/criteria/FetchParent done
Event: 6.639 loading class javax/persistence/criteria/Root
Event: 6.639 loading class javax/persistence/criteria/Root done


Dynamic libraries:
0x00007ff7b89d0000 - 0x00007ff7b8a17000 	C:\Program Files\Java\jdk1.8.0_271\bin\java.exe
0x00007ffc6a5c0000 - 0x00007ffc6a7b0000 	C:\Windows\SYSTEM32\ntdll.dll
0x00007ffc69c20000 - 0x00007ffc69cd2000 	C:\Windows\System32\KERNEL32.DLL
0x00007ffc67a90000 - 0x00007ffc67d35000 	C:\Windows\System32\KERNELBASE.dll
0x00007ffc6a210000 - 0x00007ffc6a2b3000 	C:\Windows\System32\ADVAPI32.dll
0x00007ffc69ce0000 - 0x00007ffc69d7e000 	C:\Windows\System32\msvcrt.dll
0x00007ffc68740000 - 0x00007ffc687d7000 	C:\Windows\System32\sechost.dll
0x00007ffc6a460000 - 0x00007ffc6a57f000 	C:\Windows\System32\RPCRT4.dll
0x00007ffc6a2c0000 - 0x00007ffc6a454000 	C:\Windows\System32\USER32.dll
0x00007ffc679a0000 - 0x00007ffc679c1000 	C:\Windows\System32\win32u.dll
0x00007ffc688f0000 - 0x00007ffc68916000 	C:\Windows\System32\GDI32.dll
0x00007ffc677a0000 - 0x00007ffc67938000 	C:\Windows\System32\gdi32full.dll
0x00007ffc676e0000 - 0x00007ffc6777e000 	C:\Windows\System32\msvcp_win.dll
0x00007ffc67d40000 - 0x00007ffc67e3a000 	C:\Windows\System32\ucrtbase.dll
0x00007ffc56670000 - 0x00007ffc568f4000 	C:\Windows\WinSxS\amd64_microsoft.windows.common-controls_6595b64144ccf1df_6.0.18362.1556_none_9e7e372fe45e41d5\COMCTL32.dll
0x00007ffc698e0000 - 0x00007ffc69c16000 	C:\Windows\System32\combase.dll
0x00007ffc67a00000 - 0x00007ffc67a81000 	C:\Windows\System32\bcryptPrimitives.dll
0x00007ffc69f30000 - 0x00007ffc69f5e000 	C:\Windows\System32\IMM32.DLL
0x00007ffc57fe0000 - 0x00007ffc57ff5000 	C:\Program Files\Java\jdk1.8.0_271\jre\bin\vcruntime140.dll
0x00007ffc4e8a0000 - 0x00007ffc4e93b000 	C:\Program Files\Java\jdk1.8.0_271\jre\bin\msvcp140.dll
0x0000000071860000 - 0x00000000720cf000 	C:\Program Files\Java\jdk1.8.0_271\jre\bin\server\jvm.dll
0x00007ffc697e0000 - 0x00007ffc697e8000 	C:\Windows\System32\PSAPI.DLL
0x00007ffc63dd0000 - 0x00007ffc63df4000 	C:\Windows\SYSTEM32\WINMM.dll
0x00007ffc4f410000 - 0x00007ffc4f419000 	C:\Windows\SYSTEM32\WSOCK32.dll
0x00007ffc62040000 - 0x00007ffc6204a000 	C:\Windows\SYSTEM32\VERSION.dll
0x00007ffc69ec0000 - 0x00007ffc69f2f000 	C:\Windows\System32\WS2_32.dll
0x00007ffc63da0000 - 0x00007ffc63dcd000 	C:\Windows\SYSTEM32\WINMMBASE.dll
0x00007ffc67530000 - 0x00007ffc6757a000 	C:\Windows\System32\cfgmgr32.dll
0x00007ffc674c0000 - 0x00007ffc674d1000 	C:\Windows\System32\kernel.appcore.dll
0x00007ffc608e0000 - 0x00007ffc608f0000 	C:\Program Files\Java\jdk1.8.0_271\jre\bin\verify.dll
0x00007ffc577e0000 - 0x00007ffc5780b000 	C:\Program Files\Java\jdk1.8.0_271\jre\bin\java.dll
0x00007ffc54480000 - 0x00007ffc544b0000 	C:\Program Files\Java\jdk1.8.0_271\jre\bin\instrument.dll
0x00007ffc56600000 - 0x00007ffc56618000 	C:\Program Files\Java\jdk1.8.0_271\jre\bin\zip.dll
0x00007ffc68f40000 - 0x00007ffc69627000 	C:\Windows\System32\SHELL32.dll
0x00007ffc68840000 - 0x00007ffc688e8000 	C:\Windows\System32\shcore.dll
0x00007ffc67e40000 - 0x00007ffc685bb000 	C:\Windows\System32\windows.storage.dll
0x00007ffc674a0000 - 0x00007ffc674be000 	C:\Windows\System32\profapi.dll
0x00007ffc674e0000 - 0x00007ffc6752a000 	C:\Windows\System32\powrprof.dll
0x00007ffc67470000 - 0x00007ffc67480000 	C:\Windows\System32\UMPDC.dll
0x00007ffc697f0000 - 0x00007ffc69842000 	C:\Windows\System32\shlwapi.dll
0x00007ffc67780000 - 0x00007ffc67797000 	C:\Windows\System32\cryptsp.dll
0x00007ffc4c700000 - 0x00007ffc4c71a000 	D:\Downloads\JetBrains IntelliJ IDEA Ultimate 2020.1 x64\IDEE\bin\breakgen64.dll
0x00007ffc544d0000 - 0x00007ffc544ec000 	C:\Program Files\Java\jdk1.8.0_271\jre\bin\net.dll
0x00007ffc66cb0000 - 0x00007ffc66d17000 	C:\Windows\system32\mswsock.dll
0x00007ffc544b0000 - 0x00007ffc544c3000 	C:\Program Files\Java\jdk1.8.0_271\jre\bin\nio.dll
0x00007ffc60490000 - 0x00007ffc6049d000 	C:\Program Files\Java\jdk1.8.0_271\jre\bin\management.dll
0x00007ffc46240000 - 0x00007ffc46256000 	C:\Windows\system32\napinsp.dll
0x00007ffc45b30000 - 0x00007ffc45b4a000 	C:\Windows\system32\pnrpnsp.dll
0x00007ffc66a00000 - 0x00007ffc66acb000 	C:\Windows\SYSTEM32\DNSAPI.dll
0x00007ffc68ac0000 - 0x00007ffc68ac8000 	C:\Windows\System32\NSI.dll
0x00007ffc669c0000 - 0x00007ffc669fa000 	C:\Windows\SYSTEM32\IPHLPAPI.DLL
0x00007ffc46030000 - 0x00007ffc4603e000 	C:\Windows\System32\winrnr.dll
0x00007ffc63960000 - 0x00007ffc6397c000 	C:\Windows\system32\NLAapi.dll
0x00007ffc458f0000 - 0x00007ffc45905000 	C:\Windows\system32\wshbth.dll
0x00007ffc5f660000 - 0x00007ffc5f66a000 	C:\Windows\System32\rasadhlp.dll
0x00007ffc63470000 - 0x00007ffc634e7000 	C:\Windows\System32\fwpuclnt.dll
0x00007ffc679d0000 - 0x00007ffc679f6000 	C:\Windows\System32\bcrypt.dll
0x00007ffc66830000 - 0x00007ffc66863000 	C:\Windows\system32\rsaenh.dll
0x00007ffc67390000 - 0x00007ffc673b5000 	C:\Windows\SYSTEM32\USERENV.dll
0x00007ffc66e80000 - 0x00007ffc66e8c000 	C:\Windows\SYSTEM32\CRYPTBASE.dll
0x00007ffc65d40000 - 0x00007ffc65d56000 	C:\Windows\SYSTEM32\dhcpcsvc6.DLL
0x00007ffc65d20000 - 0x00007ffc65d3c000 	C:\Windows\SYSTEM32\dhcpcsvc.DLL
0x00007ffc44420000 - 0x00007ffc44444000 	C:\Program Files\Java\jdk1.8.0_271\jre\bin\sunec.dll
0x00007ffc65e10000 - 0x00007ffc66004000 	C:\Windows\SYSTEM32\dbghelp.dll

VM Arguments:
jvm_args: -ea -Didea.test.cyclic.buffer.size=1048576 -javaagent:D:\Downloads\JetBrains IntelliJ IDEA Ultimate 2020.1 x64\IDEE\lib\idea_rt.jar=60164:D:\Downloads\JetBrains IntelliJ IDEA Ultimate 2020.1 x64\IDEE\bin -Dfile.encoding=UTF-8 
java_command: com.intellij.rt.junit.JUnitStarter -ideVersion5 -junit5 com.shopme.admin.user.UserRepositoryTests,testDisebleUser
java_class_path (initial): D:\Downloads\JetBrains IntelliJ IDEA Ultimate 2020.1 x64\IDEE\lib\idea_rt.jar;C:\Users\pc\.m2\repository\org\junit\platform\junit-platform-launcher\1.7.2\junit-platform-launcher-1.7.2.jar;D:\Downloads\JetBrains IntelliJ IDEA Ultimate 2020.1 x64\IDEE\plugins\junit\lib\junit5-rt.jar;D:\Downloads\JetBrains IntelliJ IDEA Ultimate 2020.1 x64\IDEE\plugins\junit\lib\junit-rt.jar;C:\Program Files\Java\jdk1.8.0_271\jre\lib\charsets.jar;C:\Program Files\Java\jdk1.8.0_271\jre\lib\deploy.jar;C:\Program Files\Java\jdk1.8.0_271\jre\lib\ext\access-bridge-64.jar;C:\Program Files\Java\jdk1.8.0_271\jre\lib\ext\cldrdata.jar;C:\Program Files\Java\jdk1.8.0_271\jre\lib\ext\dnsns.jar;C:\Program Files\Java\jdk1.8.0_271\jre\lib\ext\jaccess.jar;C:\Program Files\Java\jdk1.8.0_271\jre\lib\ext\jfxrt.jar;C:\Program Files\Java\jdk1.8.0_271\jre\lib\ext\localedata.jar;C:\Program Files\Java\jdk1.8.0_271\jre\lib\ext\nashorn.jar;C:\Program Files\Java\jdk1.8.0_271\jre\lib\ext\sunec.jar;C:\Program Files\Java\jdk1.8.0_271\jre\lib\ext\sunjce_provider.jar;C:\Program Files\Java\jdk1.8.0_271\jre\lib\ext\sunmscapi.jar;C:\Program Files\Java\jdk1.8.0_271\jre\lib\ext\sunpkcs11.jar;C:\Program Files\Java\jdk1.8.0_271\jre\lib\ext\zipfs.jar;C:\Program Files\Java\jdk1.8.0_271\jre\lib\javaws.jar;C:\Program Files\Java\jdk1.8.0_271\jre\lib\jce.jar;C:\Program Files\Java\jdk1.8.0_271\jre\lib\jfr.jar;C:\Program Files\Java\jdk1.8.0_271\jre\lib\jfxswt.jar;C:\Program Files\Java\jdk1.8.0_271\jre\lib\jsse.jar;C:\Program Files\Java\jdk1.8.0_271\jre\lib\management-agent.jar;C:\Program Files\Java\jdk1.8.0_271\jre\lib\plugin.jar;C:\Program Files\Java\jdk1.8.0_271\jre\lib\resources.jar;C:\Program Files\Java\jdk1.8.0_271\jre\lib\rt.jar;D:\Kate\LessonsHillel\Examples\ShopmeEcommerce\ShopmeProject\ShopmeWebParent\ShopmeBackEnd\target\test-classes;D:\Kate\LessonsHillel\Examples\ShopmeEcommerce\ShopmeProject\ShopmeWebParent\ShopmeBackEnd\target\classes;C:\Users\pc\.m2\repository\org\springframework\boot\sprin
Launcher Type: SUN_STANDARD

Environment Variables:
JAVA_HOME=C:\Program Files\Java\jdk1.8.0_271
PATH=C:\Program Files\Common Files\Oracle\Java\javapath;C:\Program Files (x86)\Common Files\Oracle\Java\javapath;C:\ProgramData\Oracle\Java\javapath;C:\Windows\system32;C:\Windows;C:\Windows\System32\Wbem;C:\Windows\System32\WindowsPowerShell\v1.0\;C:\Windows\System32\OpenSSH\;C:\Program Files (x86)\NVIDIA Corporation\PhysX\Common;C:\Program Files\NVIDIA Corporation\NVIDIA NvDLISR;C:\Program Files\Common Files\Autodesk Shared\;C:\Program Files\Microsoft SQL Server\120\Tools\Binn\;D:\Program files\Git\cmd;C:\Program Files\Microsoft SQL Server\130\Tools\Binn\;C:\Program Files\Java\jdk1.8.0_271\bin;D:\Program Files\PostgreSQL\13\bin;C:\Users\pc\AppData\Local\Microsoft\WindowsApps
USERNAME=pc
OS=Windows_NT
PROCESSOR_IDENTIFIER=Intel64 Family 6 Model 158 Stepping 10, GenuineIntel



---------------  S Y S T E M  ---------------

OS: Windows 10.0 , 64 bit Build 18362 (10.0.18362.1500)

CPU:total 8 (initial active 8) (4 cores per cpu, 2 threads per core) family 6 model 158 stepping 10, cmov, cx8, fxsr, mmx, sse, sse2, sse3, ssse3, sse4.1, sse4.2, popcnt, avx, avx2, aes, clmul, erms, 3dnowpref, lzcnt, ht, tsc, tscinvbit, bmi1, bmi2, adx

Memory: 4k page, physical 8275188k(835972k free), swap 16467188k(33248k free)

vm_info: Java HotSpot(TM) 64-Bit Server VM (25.271-b09) for windows-amd64 JRE (1.8.0_271-b09), built on Sep 16 2020 19:14:59 by "" with MS VC++ 15.9 (VS2017)

time: Mon Nov  8 11:43:32 2021
timezone: Ainoi?iay Aa?iia (ceia)
elapsed time: 6.693087 seconds (0d 0h 0m 6s)

