#
# There is insufficient memory for the Java Runtime Environment to continue.
# Native memory allocation (malloc) failed to allocate 793296 bytes for Chunk::new
# Possible reasons:
#   The system is out of physical RAM or swap space
#   The process is running with CompressedOops enabled, and the Java Heap may be blocking the growth of the native heap
# Possible solutions:
#   Reduce memory load on the system
#   Increase physical memory or swap space
#   Check if swap backing store is full
#   Decrease Java heap size (-Xmx/-Xms)
#   Decrease number of Java threads
#   Decrease Java thread stack sizes (-Xss)
#   Set larger code cache with -XX:ReservedCodeCacheSize=
#   JVM is running with Unscaled Compressed Oops mode in which the Java heap is
#     placed in the first 4GB address space. The Java Heap base address is the
#     maximum limit for the native heap growth. Please use -XX:HeapBaseMinAddress
#     to set the Java Heap base and to place the Java Heap above 4GB virtual address.
# This output file may be truncated or incomplete.
#
#  Out of Memory Error (allocation.cpp:389), pid=9232, tid=0x0000000000004ab8
#
# JRE version: Java(TM) SE Runtime Environment (8.0_271-b09) (build 1.8.0_271-b09)
# Java VM: Java HotSpot(TM) 64-Bit Server VM (25.271-b09 mixed mode windows-amd64 compressed oops)
# Failed to write core dump. Minidumps are not enabled by default on client versions of Windows
#

---------------  T H R E A D  ---------------

Current thread (0x00000203addb1800):  JavaThread "C2 CompilerThread2" daemon [_thread_in_native, id=19128, stack(0x000000c869200000,0x000000c869300000)]

Stack: [0x000000c869200000,0x000000c869300000]
Native frames: (J=compiled Java code, j=interpreted, Vv=VM code, C=native code)
V  [jvm.dll+0x33f6c9]
V  [jvm.dll+0x286122]
V  [jvm.dll+0x286dcd]
V  [jvm.dll+0x27d805]
V  [jvm.dll+0xe574c]
V  [jvm.dll+0xe5f4c]
V  [jvm.dll+0x462b72]
V  [jvm.dll+0x49df9d]
V  [jvm.dll+0x452156]
V  [jvm.dll+0x44feb4]
V  [jvm.dll+0x43aef7]
V  [jvm.dll+0xbc3eb]
V  [jvm.dll+0xbaa4b]
V  [jvm.dll+0x24e7c2]
V  [jvm.dll+0x2a2dcc]
C  [ucrtbase.dll+0x210b2]
C  [KERNEL32.DLL+0x17c24]
C  [ntdll.dll+0x6d721]


Current CompileTask:
C2:   7497 3878       4       org.springframework.core.annotation.TypeMappedAnnotations::scan (62 bytes)


---------------  P R O C E S S  ---------------

Java Threads: ( => current thread )
  0x00000203b0836000 JavaThread "HikariPool-1 connection adder" daemon [_thread_blocked, id=7648, stack(0x000000c869800000,0x000000c869900000)]
  0x00000203aef9e000 JavaThread "HikariPool-1 housekeeper" daemon [_thread_blocked, id=11260, stack(0x000000c869700000,0x000000c869800000)]
  0x00000203ade08800 JavaThread "Service Thread" daemon [_thread_blocked, id=17360, stack(0x000000c869400000,0x000000c869500000)]
  0x00000203addc4000 JavaThread "C1 CompilerThread3" daemon [_thread_blocked, id=9308, stack(0x000000c869300000,0x000000c869400000)]
=>0x00000203addb1800 JavaThread "C2 CompilerThread2" daemon [_thread_in_native, id=19128, stack(0x000000c869200000,0x000000c869300000)]
  0x00000203addac000 JavaThread "C2 CompilerThread1" daemon [_thread_in_native, id=10224, stack(0x000000c869100000,0x000000c869200000)]
  0x00000203addaa800 JavaThread "C2 CompilerThread0" daemon [_thread_in_native, id=9220, stack(0x000000c869000000,0x000000c869100000)]
  0x00000203adda8000 JavaThread "Monitor Ctrl-Break" daemon [_thread_in_native, id=17292, stack(0x000000c868f00000,0x000000c869000000)]
  0x00000203abf7b800 JavaThread "Attach Listener" daemon [_thread_blocked, id=15012, stack(0x000000c868e00000,0x000000c868f00000)]
  0x00000203abf7b000 JavaThread "Signal Dispatcher" daemon [_thread_blocked, id=8676, stack(0x000000c868d00000,0x000000c868e00000)]
  0x00000203abf4f800 JavaThread "Finalizer" daemon [_thread_blocked, id=5664, stack(0x000000c868c00000,0x000000c868d00000)]
  0x00000203abf44000 JavaThread "Reference Handler" daemon [_thread_blocked, id=14272, stack(0x000000c868b00000,0x000000c868c00000)]
  0x0000020395ec7000 JavaThread "main" [_thread_in_vm, id=2572, stack(0x000000c868100000,0x000000c868200000)]

Other Threads:
  0x00000203abf1c000 VMThread [stack: 0x000000c868a00000,0x000000c868b00000] [id=7196]
  0x00000203adec1000 WatcherThread [stack: 0x000000c869500000,0x000000c869600000] [id=3776]

VM state:not at safepoint (normal execution)

VM Mutex/Monitor currently owned by a thread: None

heap address: 0x0000000081a00000, size: 2022 MB, Compressed Oops mode: 32-bit
Narrow klass base: 0x0000000000000000, Narrow klass shift: 3
Compressed class space size: 1073741824 Address: 0x0000000100000000

Heap:
 PSYoungGen      total 192000K, used 17469K [0x00000000d5e00000, 0x00000000e3a80000, 0x0000000100000000)
  eden space 181248K, 3% used [0x00000000d5e00000,0x00000000d6492e78,0x00000000e0f00000)
  from space 10752K, 99% used [0x00000000e0f00000,0x00000000e197c730,0x00000000e1980000)
  to   space 10240K, 0% used [0x00000000e1980000,0x00000000e1980000,0x00000000e2380000)
 ParOldGen       total 82944K, used 18122K [0x0000000081a00000, 0x0000000086b00000, 0x00000000d5e00000)
  object space 82944K, 21% used [0x0000000081a00000,0x0000000082bb28a8,0x0000000086b00000)
 Metaspace       used 47030K, capacity 49852K, committed 50088K, reserved 1091584K
  class space    used 6513K, capacity 7034K, committed 7080K, reserved 1048576K

Card table byte_map: [0x00000203a6ad0000,0x00000203a6ed0000] byte_map_base: 0x00000203a66c3000

Marking Bits: (ParMarkBitMap*) 0x0000000072057fe0
 Begin Bits: [0x00000203a7180000, 0x00000203a9118000)
 End Bits:   [0x00000203a9118000, 0x00000203ab0b0000)

Polling page: 0x0000020395e20000

CodeCache: size=245760Kb used=12443Kb max_used=13128Kb free=233316Kb
 bounds [0x0000020397710000, 0x00000203983f0000, 0x00000203a6710000]
 total_blobs=4130 nmethods=3637 adapters=405
 compilation: enabled

Compilation events (10 events):
Event: 7.468 Thread 0x00000203addc4000 3890       3       java.util.stream.ReferencePipeline::findFirst (12 bytes)
Event: 7.468 Thread 0x00000203addc4000 nmethod 3890 0x00000203979cea50 code [0x00000203979cec20, 0x00000203979cf3c0]
Event: 7.468 Thread 0x00000203addc4000 3891       3       java.util.stream.FindOps::makeRef (25 bytes)
Event: 7.469 Thread 0x00000203addc4000 nmethod 3891 0x0000020397a75810 code [0x0000020397a759c0, 0x0000020397a75ff8]
Event: 7.471 Thread 0x00000203addc4000 3892       3       java.lang.invoke.DelegatingMethodHandle::rebind (8 bytes)
Event: 7.472 Thread 0x00000203addc4000 nmethod 3892 0x0000020397902b50 code [0x0000020397902cc0, 0x0000020397902fa0]
Event: 7.472 Thread 0x00000203addc4000 3893       3       java.lang.invoke.SimpleMethodHandle::copyWithExtendL (7 bytes)
Event: 7.472 Thread 0x00000203addc4000 nmethod 3893 0x0000020397cc27d0 code [0x0000020397cc2960, 0x0000020397cc2c90]
Event: 7.472 Thread 0x00000203addc4000 3894       3       java.lang.invoke.BoundMethodHandle::bindSingle (7 bytes)
Event: 7.473 Thread 0x00000203addc4000 nmethod 3894 0x0000020397842b50 code [0x0000020397842cc0, 0x0000020397842f90]

GC Heap History (10 events):
Event: 2.647 GC heap before
{Heap before GC invocations=7 (full 1):
 PSYoungGen      total 71680K, used 66530K [0x00000000d5e00000, 0x00000000df100000, 0x0000000100000000)
  eden space 66560K, 99% used [0x00000000d5e00000,0x00000000d9ef89e8,0x00000000d9f00000)
  from space 5120K, 0% used [0x00000000d9f00000,0x00000000d9f00000,0x00000000da400000)
  to   space 8704K, 0% used [0x00000000de880000,0x00000000de880000,0x00000000df100000)
 ParOldGen       total 53760K, used 6978K [0x0000000081a00000, 0x0000000084e80000, 0x00000000d5e00000)
  object space 53760K, 12% used [0x0000000081a00000,0x00000000820d0858,0x0000000084e80000)
 Metaspace       used 22381K, capacity 23928K, committed 24064K, reserved 1071104K
  class space    used 2922K, capacity 3245K, committed 3328K, reserved 1048576K
Event: 2.651 GC heap after
Heap after GC invocations=7 (full 1):
 PSYoungGen      total 115712K, used 4044K [0x00000000d5e00000, 0x00000000dec80000, 0x0000000100000000)
  eden space 111616K, 0% used [0x00000000d5e00000,0x00000000d5e00000,0x00000000dcb00000)
  from space 4096K, 98% used [0x00000000de880000,0x00000000dec730c0,0x00000000dec80000)
  to   space 8704K, 0% used [0x00000000ddb80000,0x00000000ddb80000,0x00000000de400000)
 ParOldGen       total 53760K, used 6978K [0x0000000081a00000, 0x0000000084e80000, 0x00000000d5e00000)
  object space 53760K, 12% used [0x0000000081a00000,0x00000000820d0858,0x0000000084e80000)
 Metaspace       used 22381K, capacity 23928K, committed 24064K, reserved 1071104K
  class space    used 2922K, capacity 3245K, committed 3328K, reserved 1048576K
}
Event: 3.707 GC heap before
{Heap before GC invocations=8 (full 1):
 PSYoungGen      total 115712K, used 115660K [0x00000000d5e00000, 0x00000000dec80000, 0x0000000100000000)
  eden space 111616K, 100% used [0x00000000d5e00000,0x00000000dcb00000,0x00000000dcb00000)
  from space 4096K, 98% used [0x00000000de880000,0x00000000dec730c0,0x00000000dec80000)
  to   space 8704K, 0% used [0x00000000ddb80000,0x00000000ddb80000,0x00000000de400000)
 ParOldGen       total 53760K, used 6978K [0x0000000081a00000, 0x0000000084e80000, 0x00000000d5e00000)
  object space 53760K, 12% used [0x0000000081a00000,0x00000000820d0858,0x0000000084e80000)
 Metaspace       used 28861K, capacity 31032K, committed 31232K, reserved 1077248K
  class space    used 3838K, capacity 4255K, committed 4352K, reserved 1048576K
Event: 3.717 GC heap after
Heap after GC invocations=8 (full 1):
 PSYoungGen      total 137216K, used 8683K [0x00000000d5e00000, 0x00000000e2380000, 0x0000000100000000)
  eden space 128512K, 0% used [0x00000000d5e00000,0x00000000d5e00000,0x00000000ddb80000)
  from space 8704K, 99% used [0x00000000ddb80000,0x00000000de3faf58,0x00000000de400000)
  to   space 10240K, 0% used [0x00000000e1980000,0x00000000e1980000,0x00000000e2380000)
 ParOldGen       total 53760K, used 7424K [0x0000000081a00000, 0x0000000084e80000, 0x00000000d5e00000)
  object space 53760K, 13% used [0x0000000081a00000,0x0000000082140080,0x0000000084e80000)
 Metaspace       used 28861K, capacity 31032K, committed 31232K, reserved 1077248K
  class space    used 3838K, capacity 4255K, committed 4352K, reserved 1048576K
}
Event: 4.647 GC heap before
{Heap before GC invocations=9 (full 1):
 PSYoungGen      total 137216K, used 63311K [0x00000000d5e00000, 0x00000000e2380000, 0x0000000100000000)
  eden space 128512K, 42% used [0x00000000d5e00000,0x00000000d9358d00,0x00000000ddb80000)
  from space 8704K, 99% used [0x00000000ddb80000,0x00000000de3faf58,0x00000000de400000)
  to   space 10240K, 0% used [0x00000000e1980000,0x00000000e1980000,0x00000000e2380000)
 ParOldGen       total 53760K, used 7424K [0x0000000081a00000, 0x0000000084e80000, 0x00000000d5e00000)
  object space 53760K, 13% used [0x0000000081a00000,0x0000000082140080,0x0000000084e80000)
 Metaspace       used 33172K, capacity 35410K, committed 35496K, reserved 1079296K
  class space    used 4593K, capacity 5018K, committed 5032K, reserved 1048576K
Event: 4.656 GC heap after
Heap after GC invocations=9 (full 1):
 PSYoungGen      total 191488K, used 8309K [0x00000000d5e00000, 0x00000000e3a80000, 0x0000000100000000)
  eden space 181248K, 0% used [0x00000000d5e00000,0x00000000d5e00000,0x00000000e0f00000)
  from space 10240K, 81% used [0x00000000e1980000,0x00000000e219d680,0x00000000e2380000)
  to   space 10752K, 0% used [0x00000000e0f00000,0x00000000e0f00000,0x00000000e1980000)
 ParOldGen       total 53760K, used 7432K [0x0000000081a00000, 0x0000000084e80000, 0x00000000d5e00000)
  object space 53760K, 13% used [0x0000000081a00000,0x0000000082142080,0x0000000084e80000)
 Metaspace       used 33172K, capacity 35410K, committed 35496K, reserved 1079296K
  class space    used 4593K, capacity 5018K, committed 5032K, reserved 1048576K
}
Event: 4.656 GC heap before
{Heap before GC invocations=10 (full 2):
 PSYoungGen      total 191488K, used 8309K [0x00000000d5e00000, 0x00000000e3a80000, 0x0000000100000000)
  eden space 181248K, 0% used [0x00000000d5e00000,0x00000000d5e00000,0x00000000e0f00000)
  from space 10240K, 81% used [0x00000000e1980000,0x00000000e219d680,0x00000000e2380000)
  to   space 10752K, 0% used [0x00000000e0f00000,0x00000000e0f00000,0x00000000e1980000)
 ParOldGen       total 53760K, used 7432K [0x0000000081a00000, 0x0000000084e80000, 0x00000000d5e00000)
  object space 53760K, 13% used [0x0000000081a00000,0x0000000082142080,0x0000000084e80000)
 Metaspace       used 33172K, capacity 35410K, committed 35496K, reserved 1079296K
  class space    used 4593K, capacity 5018K, committed 5032K, reserved 1048576K
Event: 4.722 GC heap after
Heap after GC invocations=10 (full 2):
 PSYoungGen      total 191488K, used 0K [0x00000000d5e00000, 0x00000000e3a80000, 0x0000000100000000)
  eden space 181248K, 0% used [0x00000000d5e00000,0x00000000d5e00000,0x00000000e0f00000)
  from space 10240K, 0% used [0x00000000e1980000,0x00000000e1980000,0x00000000e2380000)
  to   space 10752K, 0% used [0x00000000e0f00000,0x00000000e0f00000,0x00000000e1980000)
 ParOldGen       total 82944K, used 12982K [0x0000000081a00000, 0x0000000086b00000, 0x00000000d5e00000)
  object space 82944K, 15% used [0x0000000081a00000,0x00000000826ada30,0x0000000086b00000)
 Metaspace       used 33172K, capacity 35410K, committed 35496K, reserved 1079296K
  class space    used 4593K, capacity 5018K, committed 5032K, reserved 1048576K
}
Event: 7.377 GC heap before
{Heap before GC invocations=11 (full 2):
 PSYoungGen      total 191488K, used 181248K [0x00000000d5e00000, 0x00000000e3a80000, 0x0000000100000000)
  eden space 181248K, 100% used [0x00000000d5e00000,0x00000000e0f00000,0x00000000e0f00000)
  from space 10240K, 0% used [0x00000000e1980000,0x00000000e1980000,0x00000000e2380000)
  to   space 10752K, 0% used [0x00000000e0f00000,0x00000000e0f00000,0x00000000e1980000)
 ParOldGen       total 82944K, used 12982K [0x0000000081a00000, 0x0000000086b00000, 0x00000000d5e00000)
  object space 82944K, 15% used [0x0000000081a00000,0x00000000826ada30,0x0000000086b00000)
 Metaspace       used 46679K, capacity 49436K, committed 49576K, reserved 1091584K
  class space    used 6455K, capacity 6964K, committed 7080K, reserved 1048576K
Event: 7.395 GC heap after
Heap after GC invocations=11 (full 2):
 PSYoungGen      total 192000K, used 10737K [0x00000000d5e00000, 0x00000000e3a80000, 0x0000000100000000)
  eden space 181248K, 0% used [0x00000000d5e00000,0x00000000d5e00000,0x00000000e0f00000)
  from space 10752K, 99% used [0x00000000e0f00000,0x00000000e197c730,0x00000000e1980000)
  to   space 10240K, 0% used [0x00000000e1980000,0x00000000e1980000,0x00000000e2380000)
 ParOldGen       total 82944K, used 18122K [0x0000000081a00000, 0x0000000086b00000, 0x00000000d5e00000)
  object space 82944K, 21% used [0x0000000081a00000,0x0000000082bb28a8,0x0000000086b00000)
 Metaspace       used 46679K, capacity 49436K, committed 49576K, reserved 1091584K
  class space    used 6455K, capacity 6964K, committed 7080K, reserved 1048576K
}

Deoptimization events (10 events):
Event: 6.969 Thread 0x0000020395ec7000 Uncommon trap: reason=unstable_if action=reinterpret pc=0x0000020398037480 method=org.springframework.beans.factory.support.AbstractBeanFactory.isTypeMatch(Ljava/lang/String;Lorg/springframework/core/ResolvableType;Z)Z @ 559
Event: 6.970 Thread 0x0000020395ec7000 Uncommon trap: reason=class_check action=maybe_recompile pc=0x0000020397c84d44 method=org.springframework.boot.context.properties.source.ConfigurationPropertyName$Elements.charAt(II)C @ 43
Event: 6.970 Thread 0x0000020395ec7000 Uncommon trap: reason=class_check action=maybe_recompile pc=0x0000020397c84d44 method=org.springframework.boot.context.properties.source.ConfigurationPropertyName$Elements.charAt(II)C @ 43
Event: 6.994 Thread 0x0000020395ec7000 Uncommon trap: reason=unstable_if action=reinterpret pc=0x0000020397b6db24 method=java.util.concurrent.ConcurrentHashMap.get(Ljava/lang/Object;)Ljava/lang/Object; @ 152
Event: 7.003 Thread 0x0000020395ec7000 Uncommon trap: reason=null_check action=make_not_entrant pc=0x0000020397f9e3a8 method=org.springframework.util.ClassUtils.isAssignable(Ljava/lang/Class;Ljava/lang/Class;)Z @ 14
Event: 7.330 Thread 0x0000020395ec7000 Uncommon trap: reason=unstable_if action=reinterpret pc=0x000002039800be58 method=org.springframework.util.ConcurrentReferenceHashMap$Segment.restructureIfNecessary(Z)V @ 41
Event: 7.396 Thread 0x0000020395ec7000 Uncommon trap: reason=unstable_if action=reinterpret pc=0x0000020398055a64 method=org.springframework.util.ConcurrentReferenceHashMap$Segment.findInChain(Lorg/springframework/util/ConcurrentReferenceHashMap$Reference;Ljava/lang/Object;I)Lorg/springframewo
Event: 7.396 Thread 0x0000020395ec7000 Uncommon trap: reason=unstable_if action=reinterpret pc=0x000002039805f9c8 method=org.springframework.util.ConcurrentReferenceHashMap$Segment.findInChain(Lorg/springframework/util/ConcurrentReferenceHashMap$Reference;Ljava/lang/Object;I)Lorg/springframewo
Event: 7.396 Thread 0x0000020395ec7000 Uncommon trap: reason=unstable_if action=reinterpret pc=0x0000020398069034 method=org.springframework.util.ConcurrentReferenceHashMap$Segment.findInChain(Lorg/springframework/util/ConcurrentReferenceHashMap$Reference;Ljava/lang/Object;I)Lorg/springframewo
Event: 7.398 Thread 0x0000020395ec7000 Uncommon trap: reason=unstable_if action=reinterpret pc=0x0000020397c19384 method=org.springframework.util.ConcurrentReferenceHashMap$Segment.restructureIfNecessary(Z)V @ 41

Classes redefined (0 events):
No events

Internal exceptions (10 events):
Event: 7.363 Thread 0x0000020395ec7000 Exception <a 'java/lang/NoSuchMethodError': java.lang.Object.lambda$toStream$0(Ljava/util/Optional;)Ljava/util/stream/Stream;> (0x00000000e0e7ccc8) thrown at [C:\jenkins\workspace\8-2-build-windows-amd64-cygwin\jdk8u271\605\hotspot\src\share\vm\interprete
Event: 7.364 Thread 0x0000020395ec7000 Exception <a 'java/lang/NoSuchMethodError': java.lang.Object.of(Ljava/lang/Object;)Ljava/util/stream/Stream;> (0x00000000e0e83ea8) thrown at [C:\jenkins\workspace\8-2-build-windows-amd64-cygwin\jdk8u271\605\hotspot\src\share\vm\interpreter\linkResolver.cp
Event: 7.364 Thread 0x0000020395ec7000 Exception <a 'java/lang/NoSuchMethodError': java.lang.Object.empty()Ljava/util/stream/Stream;> (0x00000000e0e870b0) thrown at [C:\jenkins\workspace\8-2-build-windows-amd64-cygwin\jdk8u271\605\hotspot\src\share\vm\interpreter\linkResolver.cpp, line 620]
Event: 7.366 Thread 0x0000020395ec7000 Exception <a 'java/lang/NoSuchMethodError': java.lang.Object.fromNullable(Ljava/lang/Object;)Ljava/util/stream/Stream;> (0x00000000e0e99b20) thrown at [C:\jenkins\workspace\8-2-build-windows-amd64-cygwin\jdk8u271\605\hotspot\src\share\vm\interpreter\linkR
Event: 7.412 Thread 0x0000020395ec7000 Exception <a 'java/lang/ClassNotFoundException': java/lang/ObjectCustomizer> (0x00000000d5e5ac08) thrown at [C:\jenkins\workspace\8-2-build-windows-amd64-cygwin\jdk8u271\605\hotspot\src\share\vm\classfile\systemDictionary.cpp, line 212]
Event: 7.413 Thread 0x0000020395ec7000 Exception <a 'java/lang/ClassNotFoundException': com/shopme/common/entity/RoleCustomizer> (0x00000000d5e7a5c0) thrown at [C:\jenkins\workspace\8-2-build-windows-amd64-cygwin\jdk8u271\605\hotspot\src\share\vm\classfile\systemDictionary.cpp, line 212]
Event: 7.426 Thread 0x0000020395ec7000 Exception <a 'java/lang/NoSuchMethodError': java.lang.Object.lambda$direct$0(Lorg/springframework/data/repository/core/support/MethodLookup$InvokedMethod;Ljava/lang/reflect/Method;)Z> (0x00000000d5f117f8) thrown at [C:\jenkins\workspace\8-2-build-windows-
Event: 7.426 Thread 0x0000020395ec7000 Exception <a 'java/lang/NoSuchMethodError': java.lang.Object.lambda$direct$1(Lorg/springframework/data/repository/core/support/MethodLookup$MethodPredicate;)Ljava/util/List;> (0x00000000d5f14d90) thrown at [C:\jenkins\workspace\8-2-build-windows-amd64-cyg
Event: 7.429 Thread 0x0000020395ec7000 Exception <a 'java/lang/NoSuchMethodError': java.lang.Object.lambda$and$0(Lorg/springframework/data/repository/core/support/MethodLookup;)Ljava/util/List;> (0x00000000d5f318c8) thrown at [C:\jenkins\workspace\8-2-build-windows-amd64-cygwin\jdk8u271\605\ho
Event: 7.467 Thread 0x0000020395ec7000 Exception <a 'java/lang/IncompatibleClassChangeError': Found class java.lang.Object, but interface was expected> (0x00000000d622a848) thrown at [C:\jenkins\workspace\8-2-build-windows-amd64-cygwin\jdk8u271\605\hotspot\src\share\vm\interpreter\linkResolver

Events (10 events):
Event: 7.474 loading class com/shopme/admin/user/package-info
Event: 7.474 loading class com/shopme/admin/user/package-info done
Event: 7.474 loading class java/lang/Package$1PackageInfoProxy
Event: 7.474 loading class java/lang/Package$1PackageInfoProxy done
Event: 7.474 loading class org/springframework/aop/interceptor/ExposeInvocationInterceptor
Event: 7.474 loading class org/springframework/aop/interceptor/ExposeInvocationInterceptor done
Event: 7.475 loading class org/springframework/aop/interceptor/ExposeInvocationInterceptor$1
Event: 7.475 loading class org/springframework/aop/interceptor/ExposeInvocationInterceptor$1 done
Event: 7.476 loading class org/springframework/aop/support/DefaultPointcutAdvisor
Event: 7.476 loading class org/springframework/aop/support/DefaultPointcutAdvisor done


Dynamic libraries:
0x00007ff6f6060000 - 0x00007ff6f60a7000 	C:\Program Files\Java\jdk1.8.0_271\bin\java.exe
0x00007ffc6a5c0000 - 0x00007ffc6a7b0000 	C:\Windows\SYSTEM32\ntdll.dll
0x00007ffc69c20000 - 0x00007ffc69cd2000 	C:\Windows\System32\KERNEL32.DLL
0x00007ffc67a90000 - 0x00007ffc67d35000 	C:\Windows\System32\KERNELBASE.dll
0x00007ffc6a210000 - 0x00007ffc6a2b3000 	C:\Windows\System32\ADVAPI32.dll
0x00007ffc69ce0000 - 0x00007ffc69d7e000 	C:\Windows\System32\msvcrt.dll
0x00007ffc68740000 - 0x00007ffc687d7000 	C:\Windows\System32\sechost.dll
0x00007ffc6a460000 - 0x00007ffc6a57f000 	C:\Windows\System32\RPCRT4.dll
0x00007ffc6a2c0000 - 0x00007ffc6a454000 	C:\Windows\System32\USER32.dll
0x00007ffc679a0000 - 0x00007ffc679c1000 	C:\Windows\System32\win32u.dll
0x00007ffc688f0000 - 0x00007ffc68916000 	C:\Windows\System32\GDI32.dll
0x00007ffc677a0000 - 0x00007ffc67938000 	C:\Windows\System32\gdi32full.dll
0x00007ffc676e0000 - 0x00007ffc6777e000 	C:\Windows\System32\msvcp_win.dll
0x00007ffc67d40000 - 0x00007ffc67e3a000 	C:\Windows\System32\ucrtbase.dll
0x00007ffc56670000 - 0x00007ffc568f4000 	C:\Windows\WinSxS\amd64_microsoft.windows.common-controls_6595b64144ccf1df_6.0.18362.1556_none_9e7e372fe45e41d5\COMCTL32.dll
0x00007ffc698e0000 - 0x00007ffc69c16000 	C:\Windows\System32\combase.dll
0x00007ffc67a00000 - 0x00007ffc67a81000 	C:\Windows\System32\bcryptPrimitives.dll
0x00007ffc69f30000 - 0x00007ffc69f5e000 	C:\Windows\System32\IMM32.DLL
0x00007ffc60b50000 - 0x00007ffc60b65000 	C:\Program Files\Java\jdk1.8.0_271\jre\bin\vcruntime140.dll
0x00007ffc177b0000 - 0x00007ffc1784b000 	C:\Program Files\Java\jdk1.8.0_271\jre\bin\msvcp140.dll
0x0000000071860000 - 0x00000000720cf000 	C:\Program Files\Java\jdk1.8.0_271\jre\bin\server\jvm.dll
0x00007ffc697e0000 - 0x00007ffc697e8000 	C:\Windows\System32\PSAPI.DLL
0x00007ffc62040000 - 0x00007ffc6204a000 	C:\Windows\SYSTEM32\VERSION.dll
0x00007ffc63dd0000 - 0x00007ffc63df4000 	C:\Windows\SYSTEM32\WINMM.dll
0x00007ffc4f410000 - 0x00007ffc4f419000 	C:\Windows\SYSTEM32\WSOCK32.dll
0x00007ffc69ec0000 - 0x00007ffc69f2f000 	C:\Windows\System32\WS2_32.dll
0x00007ffc63da0000 - 0x00007ffc63dcd000 	C:\Windows\SYSTEM32\winmmbase.dll
0x00007ffc67530000 - 0x00007ffc6757a000 	C:\Windows\System32\cfgmgr32.dll
0x00007ffc674c0000 - 0x00007ffc674d1000 	C:\Windows\System32\kernel.appcore.dll
0x00007ffc60c40000 - 0x00007ffc60c50000 	C:\Program Files\Java\jdk1.8.0_271\jre\bin\verify.dll
0x00007ffc3c1e0000 - 0x00007ffc3c20b000 	C:\Program Files\Java\jdk1.8.0_271\jre\bin\java.dll
0x00007ffc5a0d0000 - 0x00007ffc5a100000 	C:\Program Files\Java\jdk1.8.0_271\jre\bin\instrument.dll
0x00007ffc60ae0000 - 0x00007ffc60af8000 	C:\Program Files\Java\jdk1.8.0_271\jre\bin\zip.dll
0x00007ffc68f40000 - 0x00007ffc69627000 	C:\Windows\System32\SHELL32.dll
0x00007ffc68840000 - 0x00007ffc688e8000 	C:\Windows\System32\shcore.dll
0x00007ffc67e40000 - 0x00007ffc685bb000 	C:\Windows\System32\windows.storage.dll
0x00007ffc674a0000 - 0x00007ffc674be000 	C:\Windows\System32\profapi.dll
0x00007ffc674e0000 - 0x00007ffc6752a000 	C:\Windows\System32\powrprof.dll
0x00007ffc67470000 - 0x00007ffc67480000 	C:\Windows\System32\UMPDC.dll
0x00007ffc697f0000 - 0x00007ffc69842000 	C:\Windows\System32\shlwapi.dll
0x00007ffc67780000 - 0x00007ffc67797000 	C:\Windows\System32\cryptsp.dll
0x00007ffc5a0b0000 - 0x00007ffc5a0ca000 	D:\Downloads\JetBrains IntelliJ IDEA Ultimate 2020.1 x64\IDEE\bin\breakgen64.dll
0x00007ffc55e60000 - 0x00007ffc55e7c000 	C:\Program Files\Java\jdk1.8.0_271\jre\bin\net.dll
0x00007ffc66cb0000 - 0x00007ffc66d17000 	C:\Windows\system32\mswsock.dll
0x00007ffc415e0000 - 0x00007ffc415f3000 	C:\Program Files\Java\jdk1.8.0_271\jre\bin\nio.dll
0x00007ffc60b40000 - 0x00007ffc60b4d000 	C:\Program Files\Java\jdk1.8.0_271\jre\bin\management.dll
0x00007ffc46240000 - 0x00007ffc46256000 	C:\Windows\system32\napinsp.dll
0x00007ffc45b30000 - 0x00007ffc45b4a000 	C:\Windows\system32\pnrpnsp.dll
0x00007ffc66a00000 - 0x00007ffc66acb000 	C:\Windows\SYSTEM32\DNSAPI.dll
0x00007ffc68ac0000 - 0x00007ffc68ac8000 	C:\Windows\System32\NSI.dll
0x00007ffc669c0000 - 0x00007ffc669fa000 	C:\Windows\SYSTEM32\IPHLPAPI.DLL
0x00007ffc46030000 - 0x00007ffc4603e000 	C:\Windows\System32\winrnr.dll
0x00007ffc63960000 - 0x00007ffc6397c000 	C:\Windows\system32\NLAapi.dll
0x00007ffc458f0000 - 0x00007ffc45905000 	C:\Windows\system32\wshbth.dll
0x00007ffc5f660000 - 0x00007ffc5f66a000 	C:\Windows\System32\rasadhlp.dll
0x00007ffc63470000 - 0x00007ffc634e7000 	C:\Windows\System32\fwpuclnt.dll
0x00007ffc679d0000 - 0x00007ffc679f6000 	C:\Windows\System32\bcrypt.dll
0x00007ffc66830000 - 0x00007ffc66863000 	C:\Windows\system32\rsaenh.dll
0x00007ffc67390000 - 0x00007ffc673b5000 	C:\Windows\SYSTEM32\USERENV.dll
0x00007ffc66e80000 - 0x00007ffc66e8c000 	C:\Windows\SYSTEM32\CRYPTBASE.dll
0x00007ffc65d40000 - 0x00007ffc65d56000 	C:\Windows\SYSTEM32\dhcpcsvc6.DLL
0x00007ffc65d20000 - 0x00007ffc65d3c000 	C:\Windows\SYSTEM32\dhcpcsvc.DLL
0x00007ffc494b0000 - 0x00007ffc494d4000 	C:\Program Files\Java\jdk1.8.0_271\jre\bin\sunec.dll
0x00007ffc65e10000 - 0x00007ffc66004000 	C:\Windows\SYSTEM32\dbghelp.dll

VM Arguments:
jvm_args: -ea -Didea.test.cyclic.buffer.size=1048576 -javaagent:D:\Downloads\JetBrains IntelliJ IDEA Ultimate 2020.1 x64\IDEE\lib\idea_rt.jar=53070:D:\Downloads\JetBrains IntelliJ IDEA Ultimate 2020.1 x64\IDEE\bin -Dfile.encoding=UTF-8 
java_command: com.intellij.rt.junit.JUnitStarter -ideVersion5 -junit5 com.shopme.admin.user.UserRepositoryTests,testUpdateUserRoles
java_class_path (initial): D:\Downloads\JetBrains IntelliJ IDEA Ultimate 2020.1 x64\IDEE\lib\idea_rt.jar;C:\Users\pc\.m2\repository\org\junit\platform\junit-platform-launcher\1.7.2\junit-platform-launcher-1.7.2.jar;D:\Downloads\JetBrains IntelliJ IDEA Ultimate 2020.1 x64\IDEE\plugins\junit\lib\junit5-rt.jar;D:\Downloads\JetBrains IntelliJ IDEA Ultimate 2020.1 x64\IDEE\plugins\junit\lib\junit-rt.jar;C:\Program Files\Java\jdk1.8.0_271\jre\lib\charsets.jar;C:\Program Files\Java\jdk1.8.0_271\jre\lib\deploy.jar;C:\Program Files\Java\jdk1.8.0_271\jre\lib\ext\access-bridge-64.jar;C:\Program Files\Java\jdk1.8.0_271\jre\lib\ext\cldrdata.jar;C:\Program Files\Java\jdk1.8.0_271\jre\lib\ext\dnsns.jar;C:\Program Files\Java\jdk1.8.0_271\jre\lib\ext\jaccess.jar;C:\Program Files\Java\jdk1.8.0_271\jre\lib\ext\jfxrt.jar;C:\Program Files\Java\jdk1.8.0_271\jre\lib\ext\localedata.jar;C:\Program Files\Java\jdk1.8.0_271\jre\lib\ext\nashorn.jar;C:\Program Files\Java\jdk1.8.0_271\jre\lib\ext\sunec.jar;C:\Program Files\Java\jdk1.8.0_271\jre\lib\ext\sunjce_provider.jar;C:\Program Files\Java\jdk1.8.0_271\jre\lib\ext\sunmscapi.jar;C:\Program Files\Java\jdk1.8.0_271\jre\lib\ext\sunpkcs11.jar;C:\Program Files\Java\jdk1.8.0_271\jre\lib\ext\zipfs.jar;C:\Program Files\Java\jdk1.8.0_271\jre\lib\javaws.jar;C:\Program Files\Java\jdk1.8.0_271\jre\lib\jce.jar;C:\Program Files\Java\jdk1.8.0_271\jre\lib\jfr.jar;C:\Program Files\Java\jdk1.8.0_271\jre\lib\jfxswt.jar;C:\Program Files\Java\jdk1.8.0_271\jre\lib\jsse.jar;C:\Program Files\Java\jdk1.8.0_271\jre\lib\management-agent.jar;C:\Program Files\Java\jdk1.8.0_271\jre\lib\plugin.jar;C:\Program Files\Java\jdk1.8.0_271\jre\lib\resources.jar;C:\Program Files\Java\jdk1.8.0_271\jre\lib\rt.jar;D:\Kate\LessonsHillel\Examples\ShopmeEcommerce\ShopmeProject\ShopmeWebParent\ShopmeBackEnd\target\test-classes;D:\Kate\LessonsHillel\Examples\ShopmeEcommerce\ShopmeProject\ShopmeWebParent\ShopmeBackEnd\target\classes;C:\Users\pc\.m2\repository\org\springframework\boot\sprin
Launcher Type: SUN_STANDARD

Environment Variables:
JAVA_HOME=C:\Program Files\Java\jdk1.8.0_271
PATH=C:\Program Files\Common Files\Oracle\Java\javapath;C:\Program Files (x86)\Common Files\Oracle\Java\javapath;C:\ProgramData\Oracle\Java\javapath;C:\Windows\system32;C:\Windows;C:\Windows\System32\Wbem;C:\Windows\System32\WindowsPowerShell\v1.0\;C:\Windows\System32\OpenSSH\;C:\Program Files (x86)\NVIDIA Corporation\PhysX\Common;C:\Program Files\NVIDIA Corporation\NVIDIA NvDLISR;C:\Program Files\Common Files\Autodesk Shared\;C:\Program Files\Microsoft SQL Server\120\Tools\Binn\;D:\Program files\Git\cmd;C:\Program Files\Microsoft SQL Server\130\Tools\Binn\;C:\Program Files\Java\jdk1.8.0_271\bin;D:\Program Files\PostgreSQL\13\bin;C:\Users\pc\AppData\Local\Microsoft\WindowsApps
USERNAME=pc
OS=Windows_NT
PROCESSOR_IDENTIFIER=Intel64 Family 6 Model 158 Stepping 10, GenuineIntel



---------------  S Y S T E M  ---------------

OS: Windows 10.0 , 64 bit Build 18362 (10.0.18362.1500)

CPU:total 8 (initial active 8) (4 cores per cpu, 2 threads per core) family 6 model 158 stepping 10, cmov, cx8, fxsr, mmx, sse, sse2, sse3, ssse3, sse4.1, sse4.2, popcnt, avx, avx2, aes, clmul, erms, 3dnowpref, lzcnt, ht, tsc, tscinvbit, bmi1, bmi2, adx

Memory: 4k page, physical 8275188k(464216k free), swap 16467188k(1472k free)

vm_info: Java HotSpot(TM) 64-Bit Server VM (25.271-b09) for windows-amd64 JRE (1.8.0_271-b09), built on Sep 16 2020 19:14:59 by "" with MS VC++ 15.9 (VS2017)

time: Sun Oct 31 22:19:22 2021
timezone: Ainoi?iay Aa?iia (ceia)
elapsed time: 7.503941 seconds (0d 0h 0m 7s)

