#
# There is insufficient memory for the Java Runtime Environment to continue.
# Native memory allocation (malloc) failed to allocate 1124576 bytes for Chunk::new
# Possible reasons:
#   The system is out of physical RAM or swap space
#   The process is running with CompressedOops enabled, and the Java Heap may be blocking the growth of the native heap
# Possible solutions:
#   Reduce memory load on the system
#   Increase physical memory or swap space
#   Check if swap backing store is full
#   Decrease Java heap size (-Xmx/-Xms)
#   Decrease number of Java threads
#   Decrease Java thread stack sizes (-Xss)
#   Set larger code cache with -XX:ReservedCodeCacheSize=
#   JVM is running with Unscaled Compressed Oops mode in which the Java heap is
#     placed in the first 4GB address space. The Java Heap base address is the
#     maximum limit for the native heap growth. Please use -XX:HeapBaseMinAddress
#     to set the Java Heap base and to place the Java Heap above 4GB virtual address.
# This output file may be truncated or incomplete.
#
#  Out of Memory Error (allocation.cpp:389), pid=7572, tid=0x0000000000000e38
#
# JRE version: Java(TM) SE Runtime Environment (8.0_271-b09) (build 1.8.0_271-b09)
# Java VM: Java HotSpot(TM) 64-Bit Server VM (25.271-b09 mixed mode windows-amd64 compressed oops)
# Failed to write core dump. Minidumps are not enabled by default on client versions of Windows
#

---------------  T H R E A D  ---------------

Current thread (0x000001e227121000):  JavaThread "C2 CompilerThread1" daemon [_thread_in_native, id=3640, stack(0x00000051ff700000,0x00000051ff800000)]

Stack: [0x00000051ff700000,0x00000051ff800000]
Native frames: (J=compiled Java code, j=interpreted, Vv=VM code, C=native code)
V  [jvm.dll+0x33f6c9]
V  [jvm.dll+0x286122]
V  [jvm.dll+0x286dcd]
V  [jvm.dll+0x27d805]
V  [jvm.dll+0xe574c]
V  [jvm.dll+0xe5f4c]
V  [jvm.dll+0x462b72]
V  [jvm.dll+0x49df9d]
V  [jvm.dll+0x452bf1]
V  [jvm.dll+0x44feb4]
V  [jvm.dll+0x43aef7]
V  [jvm.dll+0xbc3eb]
V  [jvm.dll+0xbaa4b]
V  [jvm.dll+0x24e7c2]
V  [jvm.dll+0x2a2dcc]
C  [ucrtbase.dll+0x210b2]
C  [KERNEL32.DLL+0x17c24]
C  [ntdll.dll+0x6d721]


Current CompileTask:
C2:   7720 3872       4       java.util.function.BiPredicate$$Lambda$371/722951168::test (14 bytes)


---------------  P R O C E S S  ---------------

Java Threads: ( => current thread )
  0x000001e2287f2000 JavaThread "HikariPool-1 connection adder" daemon [_thread_blocked, id=7944, stack(0x00000051ffe00000,0x00000051fff00000)]
  0x000001e22b9cb800 JavaThread "HikariPool-1 housekeeper" daemon [_thread_blocked, id=3572, stack(0x00000051ffd00000,0x00000051ffe00000)]
  0x000001e2271ce000 JavaThread "Service Thread" daemon [_thread_blocked, id=6556, stack(0x00000051ffa00000,0x00000051ffb00000)]
  0x000001e227136800 JavaThread "C1 CompilerThread3" daemon [_thread_blocked, id=13164, stack(0x00000051ff900000,0x00000051ffa00000)]
  0x000001e22712a000 JavaThread "C2 CompilerThread2" daemon [_thread_in_native, id=3416, stack(0x00000051ff800000,0x00000051ff900000)]
=>0x000001e227121000 JavaThread "C2 CompilerThread1" daemon [_thread_in_native, id=3640, stack(0x00000051ff700000,0x00000051ff800000)]
  0x000001e22532e000 JavaThread "C2 CompilerThread0" daemon [_thread_in_native, id=2952, stack(0x00000051ff600000,0x00000051ff700000)]
  0x000001e227119800 JavaThread "Monitor Ctrl-Break" daemon [_thread_in_native, id=15780, stack(0x00000051ff500000,0x00000051ff600000)]
  0x000001e2252d0800 JavaThread "Attach Listener" daemon [_thread_blocked, id=11196, stack(0x00000051ff400000,0x00000051ff500000)]
  0x000001e2252d0000 JavaThread "Signal Dispatcher" daemon [_thread_blocked, id=13112, stack(0x00000051ff300000,0x00000051ff400000)]
  0x000001e2252a3000 JavaThread "Finalizer" daemon [_thread_blocked, id=15120, stack(0x00000051ff200000,0x00000051ff300000)]
  0x000001e22529c000 JavaThread "Reference Handler" daemon [_thread_blocked, id=1020, stack(0x00000051ff100000,0x00000051ff200000)]
  0x000001e20f1fb800 JavaThread "main" [_thread_in_Java, id=6084, stack(0x00000051fe700000,0x00000051fe800000)]

Other Threads:
  0x000001e225273800 VMThread [stack: 0x00000051ff000000,0x00000051ff100000] [id=16332]
  0x000001e227277000 WatcherThread [stack: 0x00000051ffb00000,0x00000051ffc00000] [id=16988]

VM state:not at safepoint (normal execution)

VM Mutex/Monitor currently owned by a thread: None

heap address: 0x0000000081a00000, size: 2022 MB, Compressed Oops mode: 32-bit
Narrow klass base: 0x0000000000000000, Narrow klass shift: 3
Compressed class space size: 1073741824 Address: 0x0000000100000000

Heap:
 PSYoungGen      total 173568K, used 19442K [0x00000000d5e00000, 0x00000000e3c00000, 0x0000000100000000)
  eden space 163328K, 5% used [0x00000000d5e00000,0x00000000d66ff860,0x00000000dfd80000)
  from space 10240K, 99% used [0x00000000dfd80000,0x00000000e077d020,0x00000000e0780000)
  to   space 12800K, 0% used [0x00000000e2f80000,0x00000000e2f80000,0x00000000e3c00000)
 ParOldGen       total 89600K, used 17550K [0x0000000081a00000, 0x0000000087180000, 0x00000000d5e00000)
  object space 89600K, 19% used [0x0000000081a00000,0x0000000082b238e8,0x0000000087180000)
 Metaspace       used 45230K, capacity 47748K, committed 48040K, reserved 1091584K
  class space    used 6256K, capacity 6746K, committed 6824K, reserved 1048576K

Card table byte_map: [0x000001e21fe50000,0x000001e220250000] byte_map_base: 0x000001e21fa43000

Marking Bits: (ParMarkBitMap*) 0x0000000052097fe0
 Begin Bits: [0x000001e220500000, 0x000001e222498000)
 End Bits:   [0x000001e222498000, 0x000001e224430000)

Polling page: 0x000001e20f140000

CodeCache: size=245760Kb used=12647Kb max_used=13337Kb free=233112Kb
 bounds [0x000001e210a90000, 0x000001e2117a0000, 0x000001e21fa90000]
 total_blobs=4190 nmethods=3701 adapters=401
 compilation: enabled

Compilation events (10 events):
Event: 7.671 Thread 0x000001e227136800 3923       3       java.lang.Class::argumentTypesToString (79 bytes)
Event: 7.672 Thread 0x000001e227136800 nmethod 3923 0x000001e210cfff90 code [0x000001e210d001c0, 0x000001e210d00e20]
Event: 7.672 Thread 0x000001e227136800 3922       3       org.springframework.core.convert.TypeDescriptor::getAnnotations (8 bytes)
Event: 7.673 Thread 0x000001e227136800 nmethod 3922 0x000001e210bfe6d0 code [0x000001e210bfe860, 0x000001e210bfecb0]
Event: 7.673 Thread 0x000001e22712a000 3925       4       org.springframework.core.ResolvableType::as (86 bytes)
Event: 7.676 Thread 0x000001e227136800 3927       3       org.springframework.beans.factory.annotation.AutowiredAnnotationBeanPostProcessor$$Lambda$649/195163481::doWith (13 bytes)
Event: 7.677 Thread 0x000001e227136800 nmethod 3927 0x000001e210d11ad0 code [0x000001e210d11c40, 0x000001e210d11df0]
Event: 7.677 Thread 0x000001e227136800 3928   !   3       org.springframework.beans.factory.annotation.AutowiredAnnotationBeanPostProcessor::lambda$determineCandidateConstructors$0 (89 bytes)
Event: 7.678 Thread 0x000001e227136800 nmethod 3928 0x000001e210d62a10 code [0x000001e210d62ca0, 0x000001e210d63ee0]
Event: 7.682 Thread 0x000001e227136800 3929       3       sun.reflect.generics.reflectiveObjects.WildcardTypeImpl::toString (155 bytes)

GC Heap History (10 events):
Event: 3.055 GC heap before
{Heap before GC invocations=7 (full 1):
 PSYoungGen      total 71680K, used 66511K [0x00000000d5e00000, 0x00000000df100000, 0x0000000100000000)
  eden space 66560K, 99% used [0x00000000d5e00000,0x00000000d9ef3c10,0x00000000d9f00000)
  from space 5120K, 0% used [0x00000000d9f00000,0x00000000d9f00000,0x00000000da400000)
  to   space 8704K, 0% used [0x00000000de880000,0x00000000de880000,0x00000000df100000)
 ParOldGen       total 56320K, used 7278K [0x0000000081a00000, 0x0000000085100000, 0x00000000d5e00000)
  object space 56320K, 12% used [0x0000000081a00000,0x000000008211b988,0x0000000085100000)
 Metaspace       used 22610K, capacity 24178K, committed 24320K, reserved 1071104K
  class space    used 2964K, capacity 3264K, committed 3328K, reserved 1048576K
Event: 3.061 GC heap after
Heap after GC invocations=7 (full 1):
 PSYoungGen      total 110592K, used 4359K [0x00000000d5e00000, 0x00000000ded00000, 0x0000000100000000)
  eden space 105984K, 0% used [0x00000000d5e00000,0x00000000d5e00000,0x00000000dc580000)
  from space 4608K, 94% used [0x00000000de880000,0x00000000decc1c58,0x00000000ded00000)
  to   space 8704K, 0% used [0x00000000ddc00000,0x00000000ddc00000,0x00000000de480000)
 ParOldGen       total 56320K, used 7278K [0x0000000081a00000, 0x0000000085100000, 0x00000000d5e00000)
  object space 56320K, 12% used [0x0000000081a00000,0x000000008211b988,0x0000000085100000)
 Metaspace       used 22610K, capacity 24178K, committed 24320K, reserved 1071104K
  class space    used 2964K, capacity 3264K, committed 3328K, reserved 1048576K
}
Event: 4.041 GC heap before
{Heap before GC invocations=8 (full 1):
 PSYoungGen      total 110592K, used 110343K [0x00000000d5e00000, 0x00000000ded00000, 0x0000000100000000)
  eden space 105984K, 100% used [0x00000000d5e00000,0x00000000dc580000,0x00000000dc580000)
  from space 4608K, 94% used [0x00000000de880000,0x00000000decc1c58,0x00000000ded00000)
  to   space 8704K, 0% used [0x00000000ddc00000,0x00000000ddc00000,0x00000000de480000)
 ParOldGen       total 56320K, used 7278K [0x0000000081a00000, 0x0000000085100000, 0x00000000d5e00000)
  object space 56320K, 12% used [0x0000000081a00000,0x000000008211b988,0x0000000085100000)
 Metaspace       used 27687K, capacity 29886K, committed 30080K, reserved 1075200K
  class space    used 3708K, capacity 4126K, committed 4224K, reserved 1048576K
Event: 4.050 GC heap after
Heap after GC invocations=8 (full 1):
 PSYoungGen      total 137728K, used 7862K [0x00000000d5e00000, 0x00000000e1080000, 0x0000000100000000)
  eden space 129024K, 0% used [0x00000000d5e00000,0x00000000d5e00000,0x00000000ddc00000)
  from space 8704K, 90% used [0x00000000ddc00000,0x00000000de3adb48,0x00000000de480000)
  to   space 9216K, 0% used [0x00000000e0780000,0x00000000e0780000,0x00000000e1080000)
 ParOldGen       total 56320K, used 7286K [0x0000000081a00000, 0x0000000085100000, 0x00000000d5e00000)
  object space 56320K, 12% used [0x0000000081a00000,0x000000008211d988,0x0000000085100000)
 Metaspace       used 27687K, capacity 29886K, committed 30080K, reserved 1075200K
  class space    used 3708K, capacity 4126K, committed 4224K, reserved 1048576K
}
Event: 4.999 GC heap before
{Heap before GC invocations=9 (full 1):
 PSYoungGen      total 137728K, used 81143K [0x00000000d5e00000, 0x00000000e1080000, 0x0000000100000000)
  eden space 129024K, 56% used [0x00000000d5e00000,0x00000000da590490,0x00000000ddc00000)
  from space 8704K, 90% used [0x00000000ddc00000,0x00000000de3adb48,0x00000000de480000)
  to   space 9216K, 0% used [0x00000000e0780000,0x00000000e0780000,0x00000000e1080000)
 ParOldGen       total 56320K, used 7286K [0x0000000081a00000, 0x0000000085100000, 0x00000000d5e00000)
  object space 56320K, 12% used [0x0000000081a00000,0x000000008211d988,0x0000000085100000)
 Metaspace       used 33170K, capacity 35446K, committed 35496K, reserved 1079296K
  class space    used 4590K, capacity 5022K, committed 5032K, reserved 1048576K
Event: 5.009 GC heap after
Heap after GC invocations=9 (full 1):
 PSYoungGen      total 172544K, used 9188K [0x00000000d5e00000, 0x00000000e3180000, 0x0000000100000000)
  eden space 163328K, 0% used [0x00000000d5e00000,0x00000000d5e00000,0x00000000dfd80000)
  from space 9216K, 99% used [0x00000000e0780000,0x00000000e10793d8,0x00000000e1080000)
  to   space 10240K, 0% used [0x00000000dfd80000,0x00000000dfd80000,0x00000000e0780000)
 ParOldGen       total 56320K, used 7362K [0x0000000081a00000, 0x0000000085100000, 0x00000000d5e00000)
  object space 56320K, 13% used [0x0000000081a00000,0x0000000082130bc0,0x0000000085100000)
 Metaspace       used 33170K, capacity 35446K, committed 35496K, reserved 1079296K
  class space    used 4590K, capacity 5022K, committed 5032K, reserved 1048576K
}
Event: 5.009 GC heap before
{Heap before GC invocations=10 (full 2):
 PSYoungGen      total 172544K, used 9188K [0x00000000d5e00000, 0x00000000e3180000, 0x0000000100000000)
  eden space 163328K, 0% used [0x00000000d5e00000,0x00000000d5e00000,0x00000000dfd80000)
  from space 9216K, 99% used [0x00000000e0780000,0x00000000e10793d8,0x00000000e1080000)
  to   space 10240K, 0% used [0x00000000dfd80000,0x00000000dfd80000,0x00000000e0780000)
 ParOldGen       total 56320K, used 7362K [0x0000000081a00000, 0x0000000085100000, 0x00000000d5e00000)
  object space 56320K, 13% used [0x0000000081a00000,0x0000000082130bc0,0x0000000085100000)
 Metaspace       used 33170K, capacity 35446K, committed 35496K, reserved 1079296K
  class space    used 4590K, capacity 5022K, committed 5032K, reserved 1048576K
Event: 5.079 GC heap after
Heap after GC invocations=10 (full 2):
 PSYoungGen      total 172544K, used 0K [0x00000000d5e00000, 0x00000000e3180000, 0x0000000100000000)
  eden space 163328K, 0% used [0x00000000d5e00000,0x00000000d5e00000,0x00000000dfd80000)
  from space 9216K, 0% used [0x00000000e0780000,0x00000000e0780000,0x00000000e1080000)
  to   space 10240K, 0% used [0x00000000dfd80000,0x00000000dfd80000,0x00000000e0780000)
 ParOldGen       total 89600K, used 13973K [0x0000000081a00000, 0x0000000087180000, 0x00000000d5e00000)
  object space 89600K, 15% used [0x0000000081a00000,0x00000000827a5648,0x0000000087180000)
 Metaspace       used 33170K, capacity 35446K, committed 35496K, reserved 1079296K
  class space    used 4590K, capacity 5022K, committed 5032K, reserved 1048576K
}
Event: 7.613 GC heap before
{Heap before GC invocations=11 (full 2):
 PSYoungGen      total 172544K, used 163328K [0x00000000d5e00000, 0x00000000e3180000, 0x0000000100000000)
  eden space 163328K, 100% used [0x00000000d5e00000,0x00000000dfd80000,0x00000000dfd80000)
  from space 9216K, 0% used [0x00000000e0780000,0x00000000e0780000,0x00000000e1080000)
  to   space 10240K, 0% used [0x00000000dfd80000,0x00000000dfd80000,0x00000000e0780000)
 ParOldGen       total 89600K, used 13973K [0x0000000081a00000, 0x0000000087180000, 0x00000000d5e00000)
  object space 89600K, 15% used [0x0000000081a00000,0x00000000827a5648,0x0000000087180000)
 Metaspace       used 44962K, capacity 47448K, committed 47784K, reserved 1089536K
  class space    used 6236K, capacity 6710K, committed 6824K, reserved 1048576K
Event: 7.629 GC heap after
Heap after GC invocations=11 (full 2):
 PSYoungGen      total 173568K, used 10228K [0x00000000d5e00000, 0x00000000e3c00000, 0x0000000100000000)
  eden space 163328K, 0% used [0x00000000d5e00000,0x00000000d5e00000,0x00000000dfd80000)
  from space 10240K, 99% used [0x00000000dfd80000,0x00000000e077d020,0x00000000e0780000)
  to   space 12800K, 0% used [0x00000000e2f80000,0x00000000e2f80000,0x00000000e3c00000)
 ParOldGen       total 89600K, used 17550K [0x0000000081a00000, 0x0000000087180000, 0x00000000d5e00000)
  object space 89600K, 19% used [0x0000000081a00000,0x0000000082b238e8,0x0000000087180000)
 Metaspace       used 44962K, capacity 47448K, committed 47784K, reserved 1089536K
  class space    used 6236K, capacity 6710K, committed 6824K, reserved 1048576K
}

Deoptimization events (10 events):
Event: 6.304 Thread 0x000001e20f1fb800 Uncommon trap: reason=bimorphic action=maybe_recompile pc=0x000001e211646cd0 method=java.security.MessageDigest$Delegate.engineDigest()[B @ 4
Event: 6.304 Thread 0x000001e20f1fb800 Uncommon trap: reason=bimorphic action=maybe_recompile pc=0x000001e211646cd0 method=java.security.MessageDigest$Delegate.engineDigest()[B @ 4
Event: 6.496 Thread 0x000001e20f1fb800 Uncommon trap: reason=bimorphic action=maybe_recompile pc=0x000001e2115ca368 method=java.lang.Throwable.<init>(Ljava/lang/String;Ljava/lang/Throwable;)V @ 24
Event: 7.548 Thread 0x000001e20f1fb800 Uncommon trap: reason=class_check action=maybe_recompile pc=0x000001e2113d82dc method=org.springframework.beans.factory.support.AbstractBeanFactory.isTypeMatch(Ljava/lang/String;Lorg/springframework/core/ResolvableType;Z)Z @ 53
Event: 7.550 Thread 0x000001e20f1fb800 Uncommon trap: reason=class_check action=maybe_recompile pc=0x000001e2113d82dc method=org.springframework.beans.factory.support.AbstractBeanFactory.isTypeMatch(Ljava/lang/String;Lorg/springframework/core/ResolvableType;Z)Z @ 53
Event: 7.556 Thread 0x000001e20f1fb800 Uncommon trap: reason=class_check action=maybe_recompile pc=0x000001e2113d82dc method=org.springframework.beans.factory.support.AbstractBeanFactory.isTypeMatch(Ljava/lang/String;Lorg/springframework/core/ResolvableType;Z)Z @ 53
Event: 7.556 Thread 0x000001e20f1fb800 Uncommon trap: reason=unstable_if action=reinterpret pc=0x000001e2113d7e70 method=org.springframework.beans.factory.support.AbstractBeanFactory.isTypeMatch(Ljava/lang/String;Lorg/springframework/core/ResolvableType;Z)Z @ 559
Event: 7.557 Thread 0x000001e20f1fb800 Uncommon trap: reason=class_check action=maybe_recompile pc=0x000001e210fef2bc method=org.springframework.boot.context.properties.source.ConfigurationPropertyName$Elements.charAt(II)C @ 43
Event: 7.557 Thread 0x000001e20f1fb800 Uncommon trap: reason=class_check action=maybe_recompile pc=0x000001e210fef2bc method=org.springframework.boot.context.properties.source.ConfigurationPropertyName$Elements.charAt(II)C @ 43
Event: 7.592 Thread 0x000001e20f1fb800 Uncommon trap: reason=null_check action=make_not_entrant pc=0x000001e211348018 method=org.springframework.util.ClassUtils.isAssignable(Ljava/lang/Class;Ljava/lang/Class;)Z @ 14

Classes redefined (0 events):
No events

Internal exceptions (10 events):
Event: 7.662 Thread 0x000001e20f1fb800 Exception <a 'java/lang/ClassNotFoundException': org/springframework/core/io/support/PropertiesLoaderSupportCustomizer> (0x00000000d611bd90) thrown at [C:\jenkins\workspace\8-2-build-windows-amd64-cygwin\jdk8u271\605\hotspot\src\share\vm\classfile\systemD
Event: 7.663 Thread 0x000001e20f1fb800 Exception <a 'java/lang/ClassNotFoundException': org/springframework/beans/factory/config/PropertiesFactoryBeanCustomizer> (0x00000000d6151e28) thrown at [C:\jenkins\workspace\8-2-build-windows-amd64-cygwin\jdk8u271\605\hotspot\src\share\vm\classfile\syst
Event: 7.665 Thread 0x000001e20f1fb800 Exception <a 'java/lang/ClassNotFoundException': org/springframework/beans/factory/FactoryBeanCustomizer> (0x00000000d618d5d8) thrown at [C:\jenkins\workspace\8-2-build-windows-amd64-cygwin\jdk8u271\605\hotspot\src\share\vm\classfile\systemDictionary.cpp,
Event: 7.667 Thread 0x000001e20f1fb800 Exception <a 'java/lang/ClassNotFoundException': org/springframework/beans/factory/InitializingBeanCustomizer> (0x00000000d61b8148) thrown at [C:\jenkins\workspace\8-2-build-windows-amd64-cygwin\jdk8u271\605\hotspot\src\share\vm\classfile\systemDictionary
Event: 7.672 Thread 0x000001e20f1fb800 Exception <a 'java/lang/ClassNotFoundException': java/lang/ObjectCustomizer> (0x00000000d61e9920) thrown at [C:\jenkins\workspace\8-2-build-windows-amd64-cygwin\jdk8u271\605\hotspot\src\share\vm\classfile\systemDictionary.cpp, line 212]
Event: 7.673 Thread 0x000001e20f1fb800 Exception <a 'java/lang/ClassNotFoundException': org/springframework/data/repository/core/support/PropertiesBasedNamedQueriesCustomizer> (0x00000000d621f620) thrown at [C:\jenkins\workspace\8-2-build-windows-amd64-cygwin\jdk8u271\605\hotspot\src\share\vm\
Event: 7.674 Thread 0x000001e20f1fb800 Exception <a 'java/lang/ClassNotFoundException': org/springframework/data/repository/core/NamedQueriesCustomizer> (0x00000000d624aea0) thrown at [C:\jenkins\workspace\8-2-build-windows-amd64-cygwin\jdk8u271\605\hotspot\src\share\vm\classfile\systemDiction
Event: 7.679 Thread 0x000001e20f1fb800 Exception <a 'java/lang/ClassNotFoundException': java/lang/ObjectCustomizer> (0x00000000d62aaeb8) thrown at [C:\jenkins\workspace\8-2-build-windows-amd64-cygwin\jdk8u271\605\hotspot\src\share\vm\classfile\systemDictionary.cpp, line 212]
Event: 7.680 Thread 0x000001e20f1fb800 Exception <a 'java/lang/ClassNotFoundException': org/springframework/data/repository/core/support/RepositoryFragmentsFactoryBeanCustomizer> (0x00000000d62e1e68) thrown at [C:\jenkins\workspace\8-2-build-windows-amd64-cygwin\jdk8u271\605\hotspot\src\share\
Event: 7.682 Thread 0x000001e20f1fb800 Exception <a 'java/lang/ClassNotFoundException': org/springframework/beans/factory/FactoryBeanCustomizer> (0x00000000d633af98) thrown at [C:\jenkins\workspace\8-2-build-windows-amd64-cygwin\jdk8u271\605\hotspot\src\share\vm\classfile\systemDictionary.cpp,

Events (10 events):
Event: 7.681 loading class javax/annotation/Nonnull
Event: 7.681 loading class javax/annotation/Nonnull done
Event: 7.681 loading class org/springframework/beans/factory/FactoryBeanCustomizer
Event: 7.681 loading class org/springframework/beans/factory/FactoryBeanCustomizer done
Event: 7.682 loading class org/springframework/beans/factory/FactoryBeanCustomizer
Event: 7.682 loading class org/springframework/beans/factory/FactoryBeanCustomizer done
Event: 7.682 loading class org/springframework/beans/factory/FactoryBeanCustomizer
Event: 7.682 loading class org/springframework/beans/factory/FactoryBeanCustomizer done
Event: 7.682 loading class org/springframework/beans/factory/BeanFactoryAwareCustomizer
Event: 7.682 loading class org/springframework/beans/factory/BeanFactoryAwareCustomizer done


Dynamic libraries:
0x00007ff60a680000 - 0x00007ff60a6c7000 	C:\Program Files\Java\jdk1.8.0_271\bin\java.exe
0x00007ff996ce0000 - 0x00007ff996ed0000 	C:\Windows\SYSTEM32\ntdll.dll
0x00007ff995bb0000 - 0x00007ff995c62000 	C:\Windows\System32\KERNEL32.DLL
0x00007ff993c50000 - 0x00007ff993ef5000 	C:\Windows\System32\KERNELBASE.dll
0x00007ff995940000 - 0x00007ff9959e3000 	C:\Windows\System32\ADVAPI32.dll
0x00007ff996ba0000 - 0x00007ff996c3e000 	C:\Windows\System32\msvcrt.dll
0x00007ff994d90000 - 0x00007ff994e27000 	C:\Windows\System32\sechost.dll
0x00007ff9969d0000 - 0x00007ff996aef000 	C:\Windows\System32\RPCRT4.dll
0x00007ff995130000 - 0x00007ff9952c4000 	C:\Windows\System32\USER32.dll
0x00007ff9941b0000 - 0x00007ff9941d1000 	C:\Windows\System32\win32u.dll
0x00007ff996360000 - 0x00007ff996386000 	C:\Windows\System32\GDI32.dll
0x00007ff9941e0000 - 0x00007ff994378000 	C:\Windows\System32\gdi32full.dll
0x00007ff994380000 - 0x00007ff99441e000 	C:\Windows\System32\msvcp_win.dll
0x00007ff994060000 - 0x00007ff99415a000 	C:\Windows\System32\ucrtbase.dll
0x00007ff982600000 - 0x00007ff982884000 	C:\Windows\WinSxS\amd64_microsoft.windows.common-controls_6595b64144ccf1df_6.0.18362.1556_none_9e7e372fe45e41d5\COMCTL32.dll
0x00007ff996680000 - 0x00007ff9969b6000 	C:\Windows\System32\combase.dll
0x00007ff994d00000 - 0x00007ff994d81000 	C:\Windows\System32\bcryptPrimitives.dll
0x00007ff9952d0000 - 0x00007ff9952fe000 	C:\Windows\System32\IMM32.DLL
0x00007ff991960000 - 0x00007ff991975000 	C:\Program Files\Java\jdk1.8.0_271\jre\bin\vcruntime140.dll
0x00007ff98c790000 - 0x00007ff98c82b000 	C:\Program Files\Java\jdk1.8.0_271\jre\bin\msvcp140.dll
0x00000000518a0000 - 0x000000005210f000 	C:\Program Files\Java\jdk1.8.0_271\jre\bin\server\jvm.dll
0x00007ff9959f0000 - 0x00007ff9959f8000 	C:\Windows\System32\PSAPI.DLL
0x00007ff9917a0000 - 0x00007ff9917c4000 	C:\Windows\SYSTEM32\WINMM.dll
0x00007ff98ca80000 - 0x00007ff98ca8a000 	C:\Windows\SYSTEM32\VERSION.dll
0x00007ff97a6e0000 - 0x00007ff97a6e9000 	C:\Windows\SYSTEM32\WSOCK32.dll
0x00007ff996390000 - 0x00007ff9963ff000 	C:\Windows\System32\WS2_32.dll
0x00007ff991400000 - 0x00007ff99142d000 	C:\Windows\SYSTEM32\WINMMBASE.dll
0x00007ff994ba0000 - 0x00007ff994bea000 	C:\Windows\System32\cfgmgr32.dll
0x00007ff993ba0000 - 0x00007ff993bb1000 	C:\Windows\System32\kernel.appcore.dll
0x00007ff9919c0000 - 0x00007ff9919d0000 	C:\Program Files\Java\jdk1.8.0_271\jre\bin\verify.dll
0x00007ff98c760000 - 0x00007ff98c78b000 	C:\Program Files\Java\jdk1.8.0_271\jre\bin\java.dll
0x00007ff98c280000 - 0x00007ff98c2b0000 	C:\Program Files\Java\jdk1.8.0_271\jre\bin\instrument.dll
0x00007ff98c740000 - 0x00007ff98c758000 	C:\Program Files\Java\jdk1.8.0_271\jre\bin\zip.dll
0x00007ff995c70000 - 0x00007ff996357000 	C:\Windows\System32\SHELL32.dll
0x00007ff996af0000 - 0x00007ff996b98000 	C:\Windows\System32\shcore.dll
0x00007ff994420000 - 0x00007ff994b9b000 	C:\Windows\System32\windows.storage.dll
0x00007ff993bc0000 - 0x00007ff993bde000 	C:\Windows\System32\profapi.dll
0x00007ff993be0000 - 0x00007ff993c2a000 	C:\Windows\System32\powrprof.dll
0x00007ff993b90000 - 0x00007ff993ba0000 	C:\Windows\System32\UMPDC.dll
0x00007ff996c40000 - 0x00007ff996c92000 	C:\Windows\System32\shlwapi.dll
0x00007ff994190000 - 0x00007ff9941a7000 	C:\Windows\System32\cryptsp.dll
0x00007ff98c260000 - 0x00007ff98c27a000 	D:\Downloads\JetBrains IntelliJ IDEA Ultimate 2020.1 x64\IDEE\bin\breakgen64.dll
0x00007ff98c240000 - 0x00007ff98c25c000 	C:\Program Files\Java\jdk1.8.0_271\jre\bin\net.dll
0x00007ff9933d0000 - 0x00007ff993437000 	C:\Windows\system32\mswsock.dll
0x00007ff98c220000 - 0x00007ff98c233000 	C:\Program Files\Java\jdk1.8.0_271\jre\bin\nio.dll
0x00007ff991950000 - 0x00007ff99195d000 	C:\Program Files\Java\jdk1.8.0_271\jre\bin\management.dll
0x00007ff9752d0000 - 0x00007ff9752e6000 	C:\Windows\system32\napinsp.dll
0x00007ff9752b0000 - 0x00007ff9752ca000 	C:\Windows\system32\pnrpnsp.dll
0x00007ff993120000 - 0x00007ff9931eb000 	C:\Windows\SYSTEM32\DNSAPI.dll
0x00007ff9969c0000 - 0x00007ff9969c8000 	C:\Windows\System32\NSI.dll
0x00007ff9930e0000 - 0x00007ff99311a000 	C:\Windows\SYSTEM32\IPHLPAPI.DLL
0x00007ff9751e0000 - 0x00007ff9751ee000 	C:\Windows\System32\winrnr.dll
0x00007ff990010000 - 0x00007ff99002c000 	C:\Windows\system32\NLAapi.dll
0x00007ff98f3e0000 - 0x00007ff98f3f5000 	C:\Windows\system32\wshbth.dll
0x00007ff98c960000 - 0x00007ff98c96a000 	C:\Windows\System32\rasadhlp.dll
0x00007ff98efd0000 - 0x00007ff98f047000 	C:\Windows\System32\fwpuclnt.dll
0x00007ff994160000 - 0x00007ff994186000 	C:\Windows\System32\bcrypt.dll
0x00007ff992f50000 - 0x00007ff992f83000 	C:\Windows\system32\rsaenh.dll
0x00007ff993ab0000 - 0x00007ff993ad5000 	C:\Windows\SYSTEM32\USERENV.dll
0x00007ff9935a0000 - 0x00007ff9935ac000 	C:\Windows\SYSTEM32\CRYPTBASE.dll
0x00007ff992460000 - 0x00007ff992476000 	C:\Windows\SYSTEM32\dhcpcsvc6.DLL
0x00007ff992440000 - 0x00007ff99245c000 	C:\Windows\SYSTEM32\dhcpcsvc.DLL
0x00007ff98c1c0000 - 0x00007ff98c1e4000 	C:\Program Files\Java\jdk1.8.0_271\jre\bin\sunec.dll
0x00007ff992530000 - 0x00007ff992724000 	C:\Windows\SYSTEM32\dbghelp.dll

VM Arguments:
jvm_args: -ea -Didea.test.cyclic.buffer.size=1048576 -javaagent:D:\Downloads\JetBrains IntelliJ IDEA Ultimate 2020.1 x64\IDEE\lib\idea_rt.jar=58723:D:\Downloads\JetBrains IntelliJ IDEA Ultimate 2020.1 x64\IDEE\bin -Dfile.encoding=UTF-8 
java_command: com.intellij.rt.junit.JUnitStarter -ideVersion5 -junit5 com.shopme.admin.category.CategoryRepositoryTests,testPrintCategories
java_class_path (initial): D:\Downloads\JetBrains IntelliJ IDEA Ultimate 2020.1 x64\IDEE\lib\idea_rt.jar;C:\Users\pc\.m2\repository\org\junit\platform\junit-platform-launcher\1.7.1\junit-platform-launcher-1.7.1.jar;C:\Users\pc\.m2\repository\org\junit\platform\junit-platform-engine\1.7.1\junit-platform-engine-1.7.1.jar;D:\Downloads\JetBrains IntelliJ IDEA Ultimate 2020.1 x64\IDEE\plugins\junit\lib\junit5-rt.jar;D:\Downloads\JetBrains IntelliJ IDEA Ultimate 2020.1 x64\IDEE\plugins\junit\lib\junit-rt.jar;C:\Program Files\Java\jdk1.8.0_271\jre\lib\charsets.jar;C:\Program Files\Java\jdk1.8.0_271\jre\lib\deploy.jar;C:\Program Files\Java\jdk1.8.0_271\jre\lib\ext\access-bridge-64.jar;C:\Program Files\Java\jdk1.8.0_271\jre\lib\ext\cldrdata.jar;C:\Program Files\Java\jdk1.8.0_271\jre\lib\ext\dnsns.jar;C:\Program Files\Java\jdk1.8.0_271\jre\lib\ext\jaccess.jar;C:\Program Files\Java\jdk1.8.0_271\jre\lib\ext\jfxrt.jar;C:\Program Files\Java\jdk1.8.0_271\jre\lib\ext\localedata.jar;C:\Program Files\Java\jdk1.8.0_271\jre\lib\ext\nashorn.jar;C:\Program Files\Java\jdk1.8.0_271\jre\lib\ext\sunec.jar;C:\Program Files\Java\jdk1.8.0_271\jre\lib\ext\sunjce_provider.jar;C:\Program Files\Java\jdk1.8.0_271\jre\lib\ext\sunmscapi.jar;C:\Program Files\Java\jdk1.8.0_271\jre\lib\ext\sunpkcs11.jar;C:\Program Files\Java\jdk1.8.0_271\jre\lib\ext\zipfs.jar;C:\Program Files\Java\jdk1.8.0_271\jre\lib\javaws.jar;C:\Program Files\Java\jdk1.8.0_271\jre\lib\jce.jar;C:\Program Files\Java\jdk1.8.0_271\jre\lib\jfr.jar;C:\Program Files\Java\jdk1.8.0_271\jre\lib\jfxswt.jar;C:\Program Files\Java\jdk1.8.0_271\jre\lib\jsse.jar;C:\Program Files\Java\jdk1.8.0_271\jre\lib\management-agent.jar;C:\Program Files\Java\jdk1.8.0_271\jre\lib\plugin.jar;C:\Program Files\Java\jdk1.8.0_271\jre\lib\resources.jar;C:\Program Files\Java\jdk1.8.0_271\jre\lib\rt.jar;D:\Kate\LessonsHillel\Examples\ShopmeEcommerce\ShopmeProject\ShopmeWebParent\ShopmeBackEnd\target\test-classes;D:\Kate\LessonsHillel\Examples\ShopmeEcommerce\ShopmeProj
Launcher Type: SUN_STANDARD

Environment Variables:
JAVA_HOME=C:\Program Files\Java\jdk1.8.0_271
PATH=C:\Program Files\Common Files\Oracle\Java\javapath;C:\Program Files (x86)\Common Files\Oracle\Java\javapath;C:\ProgramData\Oracle\Java\javapath;C:\Windows\system32;C:\Windows;C:\Windows\System32\Wbem;C:\Windows\System32\WindowsPowerShell\v1.0\;C:\Windows\System32\OpenSSH\;C:\Program Files (x86)\NVIDIA Corporation\PhysX\Common;C:\Program Files\NVIDIA Corporation\NVIDIA NvDLISR;C:\Program Files\Common Files\Autodesk Shared\;C:\Program Files\Microsoft SQL Server\120\Tools\Binn\;D:\Program files\Git\cmd;C:\Program Files\Microsoft SQL Server\130\Tools\Binn\;C:\Program Files\Java\jdk1.8.0_271\bin;D:\Program Files\PostgreSQL\13\bin;C:\Program Files\Redis\;C:\Users\pc\AppData\Local\Microsoft\WindowsApps
USERNAME=pc
OS=Windows_NT
PROCESSOR_IDENTIFIER=Intel64 Family 6 Model 158 Stepping 10, GenuineIntel



---------------  S Y S T E M  ---------------

OS: Windows 10.0 , 64 bit Build 18362 (10.0.18362.1500)

CPU:total 8 (initial active 8) (4 cores per cpu, 2 threads per core) family 6 model 158 stepping 10, cmov, cx8, fxsr, mmx, sse, sse2, sse3, ssse3, sse4.1, sse4.2, popcnt, avx, avx2, aes, clmul, erms, 3dnowpref, lzcnt, ht, tsc, tscinvbit, bmi1, bmi2, adx

Memory: 4k page, physical 8275188k(457920k free), swap 16467188k(4392k free)

vm_info: Java HotSpot(TM) 64-Bit Server VM (25.271-b09) for windows-amd64 JRE (1.8.0_271-b09), built on Sep 16 2020 19:14:59 by "" with MS VC++ 15.9 (VS2017)

time: Sun Nov 21 14:03:34 2021
timezone: Ainoi?iay Aa?iia (ceia)
elapsed time: 7.730114 seconds (0d 0h 0m 7s)

