#
# There is insufficient memory for the Java Runtime Environment to continue.
# Native memory allocation (malloc) failed to allocate 1639536 bytes for Chunk::new
# Possible reasons:
#   The system is out of physical RAM or swap space
#   The process is running with CompressedOops enabled, and the Java Heap may be blocking the growth of the native heap
# Possible solutions:
#   Reduce memory load on the system
#   Increase physical memory or swap space
#   Check if swap backing store is full
#   Decrease Java heap size (-Xmx/-Xms)
#   Decrease number of Java threads
#   Decrease Java thread stack sizes (-Xss)
#   Set larger code cache with -XX:ReservedCodeCacheSize=
#   JVM is running with Unscaled Compressed Oops mode in which the Java heap is
#     placed in the first 4GB address space. The Java Heap base address is the
#     maximum limit for the native heap growth. Please use -XX:HeapBaseMinAddress
#     to set the Java Heap base and to place the Java Heap above 4GB virtual address.
# This output file may be truncated or incomplete.
#
#  Out of Memory Error (allocation.cpp:389), pid=21156, tid=0x0000000000001950
#
# JRE version: Java(TM) SE Runtime Environment (8.0_271-b09) (build 1.8.0_271-b09)
# Java VM: Java HotSpot(TM) 64-Bit Server VM (25.271-b09 mixed mode windows-amd64 compressed oops)
# Failed to write core dump. Minidumps are not enabled by default on client versions of Windows
#

---------------  T H R E A D  ---------------

Current thread (0x0000021b7ca9c000):  JavaThread "C2 CompilerThread0" daemon [_thread_in_native, id=6480, stack(0x000000e3fd500000,0x000000e3fd600000)]

Stack: [0x000000e3fd500000,0x000000e3fd600000]
Native frames: (J=compiled Java code, j=interpreted, Vv=VM code, C=native code)
V  [jvm.dll+0x33f6c9]
V  [jvm.dll+0x286122]
V  [jvm.dll+0x286dcd]
V  [jvm.dll+0x27d805]
V  [jvm.dll+0xe574c]
V  [jvm.dll+0xe5f4c]
V  [jvm.dll+0x480043]
V  [jvm.dll+0x447c30]
V  [jvm.dll+0x450c25]
V  [jvm.dll+0x44ffe5]
V  [jvm.dll+0x43aef7]
V  [jvm.dll+0xbc3eb]
V  [jvm.dll+0xbaa4b]
V  [jvm.dll+0x24e7c2]
V  [jvm.dll+0x2a2dcc]
C  [ucrtbase.dll+0x210b2]
C  [KERNEL32.DLL+0x17c24]
C  [ntdll.dll+0x6d721]


Current CompileTask:
C2:   7965 3846       4       org.springframework.core.annotation.TypeMappedAnnotations::get (52 bytes)


---------------  P R O C E S S  ---------------

Java Threads: ( => current thread )
  0x0000021b7e3dc800 JavaThread "HikariPool-1 connection adder" daemon [_thread_blocked, id=10828, stack(0x000000e3fdd00000,0x000000e3fde00000)]
  0x0000021b7e53f000 JavaThread "HikariPool-1 housekeeper" daemon [_thread_blocked, id=14508, stack(0x000000e3fdc00000,0x000000e3fdd00000)]
  0x0000021b7cb1c800 JavaThread "Service Thread" daemon [_thread_blocked, id=17572, stack(0x000000e3fd900000,0x000000e3fda00000)]
  0x0000021b7cac2800 JavaThread "C1 CompilerThread3" daemon [_thread_in_native, id=20616, stack(0x000000e3fd800000,0x000000e3fd900000)]
  0x0000021b7caa4800 JavaThread "C2 CompilerThread2" daemon [_thread_in_native, id=14544, stack(0x000000e3fd700000,0x000000e3fd800000)]
  0x0000021b7ca9f000 JavaThread "C2 CompilerThread1" daemon [_thread_in_native, id=20340, stack(0x000000e3fd600000,0x000000e3fd700000)]
=>0x0000021b7ca9c000 JavaThread "C2 CompilerThread0" daemon [_thread_in_native, id=6480, stack(0x000000e3fd500000,0x000000e3fd600000)]
  0x0000021b7ca99000 JavaThread "Monitor Ctrl-Break" daemon [_thread_in_native, id=7412, stack(0x000000e3fd400000,0x000000e3fd500000)]
  0x0000021b7ac59800 JavaThread "Attach Listener" daemon [_thread_blocked, id=18368, stack(0x000000e3fd300000,0x000000e3fd400000)]
  0x0000021b7ac56000 JavaThread "Signal Dispatcher" daemon [_thread_blocked, id=10592, stack(0x000000e3fd200000,0x000000e3fd300000)]
  0x0000021b7ac2e800 JavaThread "Finalizer" daemon [_thread_blocked, id=6900, stack(0x000000e3fd100000,0x000000e3fd200000)]
  0x0000021b7ac26800 JavaThread "Reference Handler" daemon [_thread_blocked, id=7396, stack(0x000000e3fd000000,0x000000e3fd100000)]
  0x0000021b73977800 JavaThread "main" [_thread_in_native, id=16032, stack(0x000000e3fc600000,0x000000e3fc700000)]

Other Threads:
  0x0000021b7abff000 VMThread [stack: 0x000000e3fcf00000,0x000000e3fd000000] [id=1768]
  0x0000021b7cb9a800 WatcherThread [stack: 0x000000e3fda00000,0x000000e3fdb00000] [id=11076]

VM state:not at safepoint (normal execution)

VM Mutex/Monitor currently owned by a thread: None

heap address: 0x0000000081a00000, size: 2022 MB, Compressed Oops mode: 32-bit
Narrow klass base: 0x0000000000000000, Narrow klass shift: 3
Compressed class space size: 1073741824 Address: 0x0000000100000000

Heap:
 PSYoungGen      total 184832K, used 36224K [0x00000000d5e00000, 0x00000000e3900000, 0x0000000100000000)
  eden space 174080K, 14% used [0x00000000d5e00000,0x00000000d76e2230,0x00000000e0800000)
  from space 10752K, 99% used [0x00000000e0800000,0x00000000e127de10,0x00000000e1280000)
  to   space 9728K, 0% used [0x00000000e1280000,0x00000000e1280000,0x00000000e1c00000)
 ParOldGen       total 86528K, used 17295K [0x0000000081a00000, 0x0000000086e80000, 0x00000000d5e00000)
  object space 86528K, 19% used [0x0000000081a00000,0x0000000082ae3fa8,0x0000000086e80000)
 Metaspace       used 47509K, capacity 50528K, committed 50728K, reserved 1093632K
  class space    used 6592K, capacity 7130K, committed 7208K, reserved 1048576K

Card table byte_map: [0x0000021b757e0000,0x0000021b75be0000] byte_map_base: 0x0000021b753d3000

Marking Bits: (ParMarkBitMap*) 0x0000000072057fe0
 Begin Bits: [0x0000021b75e90000, 0x0000021b77e28000)
 End Bits:   [0x0000021b77e28000, 0x0000021b79dc0000)

Polling page: 0x0000021b73b40000

CodeCache: size=245760Kb used=12479Kb max_used=13282Kb free=233280Kb
 bounds [0x0000021b00000000, 0x0000021b00d10000, 0x0000021b0f000000]
 total_blobs=4141 nmethods=3648 adapters=405
 compilation: enabled

Compilation events (10 events):
Event: 7.919 Thread 0x0000021b7cac2800 3992       3       org.springframework.data.repository.core.support.MethodLookups$RepositoryAwareMethodLookup$$Lambda$898/83554804::get$Lambda (10 bytes)
Event: 7.919 Thread 0x0000021b7cac2800 nmethod 3992 0x0000021b003d8410 code [0x0000021b003d8580, 0x0000021b003d87f8]
Event: 7.919 Thread 0x0000021b7cac2800 3993       3       org.springframework.data.repository.core.support.MethodLookups$RepositoryAwareMethodLookup$$Lambda$898/83554804::<init> (15 bytes)
Event: 7.919 Thread 0x0000021b7cac2800 nmethod 3993 0x0000021b003d8050 code [0x0000021b003d81a0, 0x0000021b003d8378]
Event: 7.919 Thread 0x0000021b7cac2800 3987       3       java.util.Spliterators::spliteratorUnknownSize (16 bytes)
Event: 7.920 Thread 0x0000021b7cac2800 nmethod 3987 0x0000021b003d7910 code [0x0000021b003d7aa0, 0x0000021b003d7e90]
Event: 7.921 Thread 0x0000021b7cac2800 3986       1       org.springframework.data.repository.core.support.AbstractRepositoryMetadata::getRepositoryInterface (5 bytes)
Event: 7.921 Thread 0x0000021b7cac2800 nmethod 3986 0x0000021b00441dd0 code [0x0000021b00441f20, 0x0000021b00442038]
Event: 7.925 Thread 0x0000021b7cac2800 3994       3       java.util.concurrent.ConcurrentLinkedDeque::linkFirst (110 bytes)
Event: 7.926 Thread 0x0000021b7cac2800 nmethod 3994 0x0000021b003ea910 code [0x0000021b003eaae0, 0x0000021b003eb450]

GC Heap History (10 events):
Event: 2.932 GC heap before
{Heap before GC invocations=7 (full 1):
 PSYoungGen      total 71680K, used 66559K [0x00000000d5e00000, 0x00000000df100000, 0x0000000100000000)
  eden space 66560K, 99% used [0x00000000d5e00000,0x00000000d9effc68,0x00000000d9f00000)
  from space 5120K, 0% used [0x00000000d9f00000,0x00000000d9f00000,0x00000000da400000)
  to   space 8704K, 0% used [0x00000000de880000,0x00000000de880000,0x00000000df100000)
 ParOldGen       total 55296K, used 7144K [0x0000000081a00000, 0x0000000085000000, 0x00000000d5e00000)
  object space 55296K, 12% used [0x0000000081a00000,0x00000000820fa378,0x0000000085000000)
 Metaspace       used 22613K, capacity 24148K, committed 24320K, reserved 1071104K
  class space    used 2962K, capacity 3261K, committed 3328K, reserved 1048576K
Event: 2.938 GC heap after
Heap after GC invocations=7 (full 1):
 PSYoungGen      total 114176K, used 4240K [0x00000000d5e00000, 0x00000000ded00000, 0x0000000100000000)
  eden space 109568K, 0% used [0x00000000d5e00000,0x00000000d5e00000,0x00000000dc900000)
  from space 4608K, 92% used [0x00000000de880000,0x00000000deca41f0,0x00000000ded00000)
  to   space 8704K, 0% used [0x00000000ddc00000,0x00000000ddc00000,0x00000000de480000)
 ParOldGen       total 55296K, used 7144K [0x0000000081a00000, 0x0000000085000000, 0x00000000d5e00000)
  object space 55296K, 12% used [0x0000000081a00000,0x00000000820fa378,0x0000000085000000)
 Metaspace       used 22613K, capacity 24148K, committed 24320K, reserved 1071104K
  class space    used 2962K, capacity 3261K, committed 3328K, reserved 1048576K
}
Event: 4.209 GC heap before
{Heap before GC invocations=8 (full 1):
 PSYoungGen      total 114176K, used 113808K [0x00000000d5e00000, 0x00000000ded00000, 0x0000000100000000)
  eden space 109568K, 100% used [0x00000000d5e00000,0x00000000dc900000,0x00000000dc900000)
  from space 4608K, 92% used [0x00000000de880000,0x00000000deca41f0,0x00000000ded00000)
  to   space 8704K, 0% used [0x00000000ddc00000,0x00000000ddc00000,0x00000000de480000)
 ParOldGen       total 55296K, used 7144K [0x0000000081a00000, 0x0000000085000000, 0x00000000d5e00000)
  object space 55296K, 12% used [0x0000000081a00000,0x00000000820fa378,0x0000000085000000)
 Metaspace       used 28726K, capacity 30938K, committed 31104K, reserved 1077248K
  class space    used 3807K, capacity 4224K, committed 4224K, reserved 1048576K
Event: 4.219 GC heap after
Heap after GC invocations=8 (full 1):
 PSYoungGen      total 137728K, used 8689K [0x00000000d5e00000, 0x00000000e1c00000, 0x0000000100000000)
  eden space 129024K, 0% used [0x00000000d5e00000,0x00000000d5e00000,0x00000000ddc00000)
  from space 8704K, 99% used [0x00000000ddc00000,0x00000000de47c690,0x00000000de480000)
  to   space 9728K, 0% used [0x00000000e1280000,0x00000000e1280000,0x00000000e1c00000)
 ParOldGen       total 55296K, used 7152K [0x0000000081a00000, 0x0000000085000000, 0x00000000d5e00000)
  object space 55296K, 12% used [0x0000000081a00000,0x00000000820fc378,0x0000000085000000)
 Metaspace       used 28726K, capacity 30938K, committed 31104K, reserved 1077248K
  class space    used 3807K, capacity 4224K, committed 4224K, reserved 1048576K
}
Event: 5.085 GC heap before
{Heap before GC invocations=9 (full 1):
 PSYoungGen      total 137728K, used 66328K [0x00000000d5e00000, 0x00000000e1c00000, 0x0000000100000000)
  eden space 129024K, 44% used [0x00000000d5e00000,0x00000000d9649b40,0x00000000ddc00000)
  from space 8704K, 99% used [0x00000000ddc00000,0x00000000de47c690,0x00000000de480000)
  to   space 9728K, 0% used [0x00000000e1280000,0x00000000e1280000,0x00000000e1c00000)
 ParOldGen       total 55296K, used 7152K [0x0000000081a00000, 0x0000000085000000, 0x00000000d5e00000)
  object space 55296K, 12% used [0x0000000081a00000,0x00000000820fc378,0x0000000085000000)
 Metaspace       used 33126K, capacity 35412K, committed 35496K, reserved 1079296K
  class space    used 4586K, capacity 5019K, committed 5032K, reserved 1048576K
Event: 5.096 GC heap after
Heap after GC invocations=9 (full 1):
 PSYoungGen      total 183808K, used 8490K [0x00000000d5e00000, 0x00000000e3900000, 0x0000000100000000)
  eden space 174080K, 0% used [0x00000000d5e00000,0x00000000d5e00000,0x00000000e0800000)
  from space 9728K, 87% used [0x00000000e1280000,0x00000000e1acaab8,0x00000000e1c00000)
  to   space 10752K, 0% used [0x00000000e0800000,0x00000000e0800000,0x00000000e1280000)
 ParOldGen       total 55296K, used 7152K [0x0000000081a00000, 0x0000000085000000, 0x00000000d5e00000)
  object space 55296K, 12% used [0x0000000081a00000,0x00000000820fc378,0x0000000085000000)
 Metaspace       used 33126K, capacity 35412K, committed 35496K, reserved 1079296K
  class space    used 4586K, capacity 5019K, committed 5032K, reserved 1048576K
}
Event: 5.096 GC heap before
{Heap before GC invocations=10 (full 2):
 PSYoungGen      total 183808K, used 8490K [0x00000000d5e00000, 0x00000000e3900000, 0x0000000100000000)
  eden space 174080K, 0% used [0x00000000d5e00000,0x00000000d5e00000,0x00000000e0800000)
  from space 9728K, 87% used [0x00000000e1280000,0x00000000e1acaab8,0x00000000e1c00000)
  to   space 10752K, 0% used [0x00000000e0800000,0x00000000e0800000,0x00000000e1280000)
 ParOldGen       total 55296K, used 7152K [0x0000000081a00000, 0x0000000085000000, 0x00000000d5e00000)
  object space 55296K, 12% used [0x0000000081a00000,0x00000000820fc378,0x0000000085000000)
 Metaspace       used 33126K, capacity 35412K, committed 35496K, reserved 1079296K
  class space    used 4586K, capacity 5019K, committed 5032K, reserved 1048576K
Event: 5.182 GC heap after
Heap after GC invocations=10 (full 2):
 PSYoungGen      total 183808K, used 0K [0x00000000d5e00000, 0x00000000e3900000, 0x0000000100000000)
  eden space 174080K, 0% used [0x00000000d5e00000,0x00000000d5e00000,0x00000000e0800000)
  from space 9728K, 0% used [0x00000000e1280000,0x00000000e1280000,0x00000000e1c00000)
  to   space 10752K, 0% used [0x00000000e0800000,0x00000000e0800000,0x00000000e1280000)
 ParOldGen       total 86528K, used 13167K [0x0000000081a00000, 0x0000000086e80000, 0x00000000d5e00000)
  object space 86528K, 15% used [0x0000000081a00000,0x00000000826dbc00,0x0000000086e80000)
 Metaspace       used 33126K, capacity 35412K, committed 35496K, reserved 1079296K
  class space    used 4586K, capacity 5019K, committed 5032K, reserved 1048576K
}
Event: 7.658 GC heap before
{Heap before GC invocations=11 (full 2):
 PSYoungGen      total 183808K, used 174080K [0x00000000d5e00000, 0x00000000e3900000, 0x0000000100000000)
  eden space 174080K, 100% used [0x00000000d5e00000,0x00000000e0800000,0x00000000e0800000)
  from space 9728K, 0% used [0x00000000e1280000,0x00000000e1280000,0x00000000e1c00000)
  to   space 10752K, 0% used [0x00000000e0800000,0x00000000e0800000,0x00000000e1280000)
 ParOldGen       total 86528K, used 13167K [0x0000000081a00000, 0x0000000086e80000, 0x00000000d5e00000)
  object space 86528K, 15% used [0x0000000081a00000,0x00000000826dbc00,0x0000000086e80000)
 Metaspace       used 45435K, capacity 47964K, committed 48296K, reserved 1091584K
  class space    used 6282K, capacity 6782K, committed 6824K, reserved 1048576K
Event: 7.680 GC heap after
Heap after GC invocations=11 (full 2):
 PSYoungGen      total 184832K, used 10743K [0x00000000d5e00000, 0x00000000e3900000, 0x0000000100000000)
  eden space 174080K, 0% used [0x00000000d5e00000,0x00000000d5e00000,0x00000000e0800000)
  from space 10752K, 99% used [0x00000000e0800000,0x00000000e127de10,0x00000000e1280000)
  to   space 9728K, 0% used [0x00000000e1280000,0x00000000e1280000,0x00000000e1c00000)
 ParOldGen       total 86528K, used 17295K [0x0000000081a00000, 0x0000000086e80000, 0x00000000d5e00000)
  object space 86528K, 19% used [0x0000000081a00000,0x0000000082ae3fa8,0x0000000086e80000)
 Metaspace       used 45435K, capacity 47964K, committed 48296K, reserved 1091584K
  class space    used 6282K, capacity 6782K, committed 6824K, reserved 1048576K
}

Deoptimization events (10 events):
Event: 7.417 Thread 0x0000021b73977800 Uncommon trap: reason=class_check action=maybe_recompile pc=0x0000021b009726dc method=org.springframework.beans.factory.support.AbstractBeanFactory.isTypeMatch(Ljava/lang/String;Lorg/springframework/core/ResolvableType;Z)Z @ 53
Event: 7.424 Thread 0x0000021b73977800 Uncommon trap: reason=class_check action=maybe_recompile pc=0x0000021b009726dc method=org.springframework.beans.factory.support.AbstractBeanFactory.isTypeMatch(Ljava/lang/String;Lorg/springframework/core/ResolvableType;Z)Z @ 53
Event: 7.424 Thread 0x0000021b73977800 Uncommon trap: reason=unstable_if action=reinterpret pc=0x0000021b009722a0 method=org.springframework.beans.factory.support.AbstractBeanFactory.isTypeMatch(Ljava/lang/String;Lorg/springframework/core/ResolvableType;Z)Z @ 559
Event: 7.425 Thread 0x0000021b73977800 Uncommon trap: reason=class_check action=maybe_recompile pc=0x0000021b0058c284 method=org.springframework.boot.context.properties.source.ConfigurationPropertyName$Elements.charAt(II)C @ 43
Event: 7.425 Thread 0x0000021b73977800 Uncommon trap: reason=class_check action=maybe_recompile pc=0x0000021b0058c284 method=org.springframework.boot.context.properties.source.ConfigurationPropertyName$Elements.charAt(II)C @ 43
Event: 7.455 Thread 0x0000021b73977800 Uncommon trap: reason=null_check action=make_not_entrant pc=0x0000021b008a75e8 method=org.springframework.util.ClassUtils.isAssignable(Ljava/lang/Class;Ljava/lang/Class;)Z @ 14
Event: 7.799 Thread 0x0000021b73977800 Uncommon trap: reason=unstable_if action=reinterpret pc=0x0000021b008d5690 method=org.springframework.util.ConcurrentReferenceHashMap$Segment.restructureIfNecessary(Z)V @ 41
Event: 7.817 Thread 0x0000021b73977800 Uncommon trap: reason=unstable_if action=reinterpret pc=0x0000021b00c8e538 method=org.springframework.util.ConcurrentReferenceHashMap$Segment.restructureIfNecessary(Z)V @ 41
Event: 7.837 Thread 0x0000021b73977800 Uncommon trap: reason=unstable_if action=reinterpret pc=0x0000021b00c8814c method=org.springframework.util.ConcurrentReferenceHashMap$Segment.restructureIfNecessary(Z)V @ 41
Event: 7.848 Thread 0x0000021b73977800 Uncommon trap: reason=unstable_if action=reinterpret pc=0x0000021b00514244 method=org.springframework.util.ConcurrentReferenceHashMap$Segment.restructureIfNecessary(Z)V @ 41

Classes redefined (0 events):
No events

Internal exceptions (10 events):
Event: 7.829 Thread 0x0000021b73977800 Exception <a 'java/lang/NoSuchMethodError': java.lang.Object.lambda$toStream$0(Ljava/util/Optional;)Ljava/util/stream/Stream;> (0x00000000d6958310) thrown at [C:\jenkins\workspace\8-2-build-windows-amd64-cygwin\jdk8u271\605\hotspot\src\share\vm\interprete
Event: 7.829 Thread 0x0000021b73977800 Exception <a 'java/lang/NoSuchMethodError': java.lang.Object.of(Ljava/lang/Object;)Ljava/util/stream/Stream;> (0x00000000d695f4f0) thrown at [C:\jenkins\workspace\8-2-build-windows-amd64-cygwin\jdk8u271\605\hotspot\src\share\vm\interpreter\linkResolver.cp
Event: 7.829 Thread 0x0000021b73977800 Exception <a 'java/lang/NoSuchMethodError': java.lang.Object.empty()Ljava/util/stream/Stream;> (0x00000000d69626f8) thrown at [C:\jenkins\workspace\8-2-build-windows-amd64-cygwin\jdk8u271\605\hotspot\src\share\vm\interpreter\linkResolver.cpp, line 620]
Event: 7.831 Thread 0x0000021b73977800 Exception <a 'java/lang/NoSuchMethodError': java.lang.Object.fromNullable(Ljava/lang/Object;)Ljava/util/stream/Stream;> (0x00000000d69756f0) thrown at [C:\jenkins\workspace\8-2-build-windows-amd64-cygwin\jdk8u271\605\hotspot\src\share\vm\interpreter\linkR
Event: 7.851 Thread 0x0000021b73977800 Exception <a 'java/lang/ClassNotFoundException': java/lang/ObjectCustomizer> (0x00000000d6a34e60) thrown at [C:\jenkins\workspace\8-2-build-windows-amd64-cygwin\jdk8u271\605\hotspot\src\share\vm\classfile\systemDictionary.cpp, line 212]
Event: 7.852 Thread 0x0000021b73977800 Exception <a 'java/lang/ClassNotFoundException': com/shopme/common/entity/RoleCustomizer> (0x00000000d6a54918) thrown at [C:\jenkins\workspace\8-2-build-windows-amd64-cygwin\jdk8u271\605\hotspot\src\share\vm\classfile\systemDictionary.cpp, line 212]
Event: 7.865 Thread 0x0000021b73977800 Exception <a 'java/lang/NoSuchMethodError': java.lang.Object.lambda$direct$0(Lorg/springframework/data/repository/core/support/MethodLookup$InvokedMethod;Ljava/lang/reflect/Method;)Z> (0x00000000d6ae8450) thrown at [C:\jenkins\workspace\8-2-build-windows-
Event: 7.865 Thread 0x0000021b73977800 Exception <a 'java/lang/NoSuchMethodError': java.lang.Object.lambda$direct$1(Lorg/springframework/data/repository/core/support/MethodLookup$MethodPredicate;)Ljava/util/List;> (0x00000000d6aeb9e8) thrown at [C:\jenkins\workspace\8-2-build-windows-amd64-cyg
Event: 7.867 Thread 0x0000021b73977800 Exception <a 'java/lang/NoSuchMethodError': java.lang.Object.lambda$and$0(Lorg/springframework/data/repository/core/support/MethodLookup;)Ljava/util/List;> (0x00000000d6b08c08) thrown at [C:\jenkins\workspace\8-2-build-windows-amd64-cygwin\jdk8u271\605\ho
Event: 7.893 Thread 0x0000021b73977800 Exception <a 'java/lang/IncompatibleClassChangeError': Found class java.lang.Object, but interface was expected> (0x00000000d6dfae48) thrown at [C:\jenkins\workspace\8-2-build-windows-amd64-cygwin\jdk8u271\605\hotspot\src\share\vm\interpreter\linkResolver

Events (10 events):
Event: 7.931 loading class org/springframework/data/convert/Jsr310Converters$InstantToLocalDateTimeConverter
Event: 7.931 loading class org/springframework/data/convert/Jsr310Converters$InstantToLocalDateTimeConverter done
Event: 7.931 loading class org/springframework/data/convert/Jsr310Converters$ZoneIdToStringConverter
Event: 7.931 loading class org/springframework/data/convert/Jsr310Converters$ZoneIdToStringConverter done
Event: 7.932 loading class org/springframework/data/convert/Jsr310Converters$StringToZoneIdConverter
Event: 7.932 loading class org/springframework/data/convert/Jsr310Converters$StringToZoneIdConverter done
Event: 7.932 loading class org/springframework/data/convert/Jsr310Converters$DurationToStringConverter
Event: 7.932 loading class org/springframework/data/convert/Jsr310Converters$DurationToStringConverter done
Event: 7.932 loading class org/springframework/data/convert/Jsr310Converters$StringToDurationConverter
Event: 7.932 loading class org/springframework/data/convert/Jsr310Converters$StringToDurationConverter done


Dynamic libraries:
0x00007ff7b89d0000 - 0x00007ff7b8a17000 	C:\Program Files\Java\jdk1.8.0_271\bin\java.exe
0x00007ffc6a5c0000 - 0x00007ffc6a7b0000 	C:\Windows\SYSTEM32\ntdll.dll
0x00007ffc69c20000 - 0x00007ffc69cd2000 	C:\Windows\System32\KERNEL32.DLL
0x00007ffc67a90000 - 0x00007ffc67d35000 	C:\Windows\System32\KERNELBASE.dll
0x00007ffc6a210000 - 0x00007ffc6a2b3000 	C:\Windows\System32\ADVAPI32.dll
0x00007ffc69ce0000 - 0x00007ffc69d7e000 	C:\Windows\System32\msvcrt.dll
0x00007ffc68740000 - 0x00007ffc687d7000 	C:\Windows\System32\sechost.dll
0x00007ffc6a460000 - 0x00007ffc6a57f000 	C:\Windows\System32\RPCRT4.dll
0x00007ffc6a2c0000 - 0x00007ffc6a454000 	C:\Windows\System32\USER32.dll
0x00007ffc679a0000 - 0x00007ffc679c1000 	C:\Windows\System32\win32u.dll
0x00007ffc688f0000 - 0x00007ffc68916000 	C:\Windows\System32\GDI32.dll
0x00007ffc677a0000 - 0x00007ffc67938000 	C:\Windows\System32\gdi32full.dll
0x00007ffc676e0000 - 0x00007ffc6777e000 	C:\Windows\System32\msvcp_win.dll
0x00007ffc67d40000 - 0x00007ffc67e3a000 	C:\Windows\System32\ucrtbase.dll
0x00007ffc56670000 - 0x00007ffc568f4000 	C:\Windows\WinSxS\amd64_microsoft.windows.common-controls_6595b64144ccf1df_6.0.18362.1556_none_9e7e372fe45e41d5\COMCTL32.dll
0x00007ffc698e0000 - 0x00007ffc69c16000 	C:\Windows\System32\combase.dll
0x00007ffc67a00000 - 0x00007ffc67a81000 	C:\Windows\System32\bcryptPrimitives.dll
0x00007ffc69f30000 - 0x00007ffc69f5e000 	C:\Windows\System32\IMM32.DLL
0x00007ffc57fe0000 - 0x00007ffc57ff5000 	C:\Program Files\Java\jdk1.8.0_271\jre\bin\vcruntime140.dll
0x00007ffc4e8a0000 - 0x00007ffc4e93b000 	C:\Program Files\Java\jdk1.8.0_271\jre\bin\msvcp140.dll
0x0000000071860000 - 0x00000000720cf000 	C:\Program Files\Java\jdk1.8.0_271\jre\bin\server\jvm.dll
0x00007ffc697e0000 - 0x00007ffc697e8000 	C:\Windows\System32\PSAPI.DLL
0x00007ffc62040000 - 0x00007ffc6204a000 	C:\Windows\SYSTEM32\VERSION.dll
0x00007ffc4f410000 - 0x00007ffc4f419000 	C:\Windows\SYSTEM32\WSOCK32.dll
0x00007ffc63dd0000 - 0x00007ffc63df4000 	C:\Windows\SYSTEM32\WINMM.dll
0x00007ffc69ec0000 - 0x00007ffc69f2f000 	C:\Windows\System32\WS2_32.dll
0x00007ffc63da0000 - 0x00007ffc63dcd000 	C:\Windows\SYSTEM32\WINMMBASE.dll
0x00007ffc67530000 - 0x00007ffc6757a000 	C:\Windows\System32\cfgmgr32.dll
0x00007ffc674c0000 - 0x00007ffc674d1000 	C:\Windows\System32\kernel.appcore.dll
0x00007ffc608e0000 - 0x00007ffc608f0000 	C:\Program Files\Java\jdk1.8.0_271\jre\bin\verify.dll
0x00007ffc577e0000 - 0x00007ffc5780b000 	C:\Program Files\Java\jdk1.8.0_271\jre\bin\java.dll
0x00007ffc54480000 - 0x00007ffc544b0000 	C:\Program Files\Java\jdk1.8.0_271\jre\bin\instrument.dll
0x00007ffc56600000 - 0x00007ffc56618000 	C:\Program Files\Java\jdk1.8.0_271\jre\bin\zip.dll
0x00007ffc68f40000 - 0x00007ffc69627000 	C:\Windows\System32\SHELL32.dll
0x00007ffc68840000 - 0x00007ffc688e8000 	C:\Windows\System32\shcore.dll
0x00007ffc67e40000 - 0x00007ffc685bb000 	C:\Windows\System32\windows.storage.dll
0x00007ffc674a0000 - 0x00007ffc674be000 	C:\Windows\System32\profapi.dll
0x00007ffc674e0000 - 0x00007ffc6752a000 	C:\Windows\System32\powrprof.dll
0x00007ffc67470000 - 0x00007ffc67480000 	C:\Windows\System32\UMPDC.dll
0x00007ffc697f0000 - 0x00007ffc69842000 	C:\Windows\System32\shlwapi.dll
0x00007ffc67780000 - 0x00007ffc67797000 	C:\Windows\System32\cryptsp.dll
0x00007ffc4c700000 - 0x00007ffc4c71a000 	D:\Downloads\JetBrains IntelliJ IDEA Ultimate 2020.1 x64\IDEE\bin\breakgen64.dll
0x00007ffc544d0000 - 0x00007ffc544ec000 	C:\Program Files\Java\jdk1.8.0_271\jre\bin\net.dll
0x00007ffc66cb0000 - 0x00007ffc66d17000 	C:\Windows\system32\mswsock.dll
0x00007ffc544b0000 - 0x00007ffc544c3000 	C:\Program Files\Java\jdk1.8.0_271\jre\bin\nio.dll
0x00007ffc60490000 - 0x00007ffc6049d000 	C:\Program Files\Java\jdk1.8.0_271\jre\bin\management.dll
0x00007ffc46240000 - 0x00007ffc46256000 	C:\Windows\system32\napinsp.dll
0x00007ffc45b30000 - 0x00007ffc45b4a000 	C:\Windows\system32\pnrpnsp.dll
0x00007ffc66a00000 - 0x00007ffc66acb000 	C:\Windows\SYSTEM32\DNSAPI.dll
0x00007ffc68ac0000 - 0x00007ffc68ac8000 	C:\Windows\System32\NSI.dll
0x00007ffc669c0000 - 0x00007ffc669fa000 	C:\Windows\SYSTEM32\IPHLPAPI.DLL
0x00007ffc46030000 - 0x00007ffc4603e000 	C:\Windows\System32\winrnr.dll
0x00007ffc63960000 - 0x00007ffc6397c000 	C:\Windows\system32\NLAapi.dll
0x00007ffc458f0000 - 0x00007ffc45905000 	C:\Windows\system32\wshbth.dll
0x00007ffc5f660000 - 0x00007ffc5f66a000 	C:\Windows\System32\rasadhlp.dll
0x00007ffc63470000 - 0x00007ffc634e7000 	C:\Windows\System32\fwpuclnt.dll
0x00007ffc679d0000 - 0x00007ffc679f6000 	C:\Windows\System32\bcrypt.dll
0x00007ffc66830000 - 0x00007ffc66863000 	C:\Windows\system32\rsaenh.dll
0x00007ffc67390000 - 0x00007ffc673b5000 	C:\Windows\SYSTEM32\USERENV.dll
0x00007ffc66e80000 - 0x00007ffc66e8c000 	C:\Windows\SYSTEM32\CRYPTBASE.dll
0x00007ffc65d40000 - 0x00007ffc65d56000 	C:\Windows\SYSTEM32\dhcpcsvc6.DLL
0x00007ffc65d20000 - 0x00007ffc65d3c000 	C:\Windows\SYSTEM32\dhcpcsvc.DLL
0x00007ffc44420000 - 0x00007ffc44444000 	C:\Program Files\Java\jdk1.8.0_271\jre\bin\sunec.dll
0x00007ffc65e10000 - 0x00007ffc66004000 	C:\Windows\SYSTEM32\dbghelp.dll

VM Arguments:
jvm_args: -ea -Didea.test.cyclic.buffer.size=1048576 -javaagent:D:\Downloads\JetBrains IntelliJ IDEA Ultimate 2020.1 x64\IDEE\lib\idea_rt.jar=60724:D:\Downloads\JetBrains IntelliJ IDEA Ultimate 2020.1 x64\IDEE\bin -Dfile.encoding=UTF-8 
java_command: com.intellij.rt.junit.JUnitStarter -ideVersion5 -junit5 com.shopme.admin.user.UserRepositoryTests,testDisableUser
java_class_path (initial): D:\Downloads\JetBrains IntelliJ IDEA Ultimate 2020.1 x64\IDEE\lib\idea_rt.jar;C:\Users\pc\.m2\repository\org\junit\platform\junit-platform-launcher\1.7.2\junit-platform-launcher-1.7.2.jar;D:\Downloads\JetBrains IntelliJ IDEA Ultimate 2020.1 x64\IDEE\plugins\junit\lib\junit5-rt.jar;D:\Downloads\JetBrains IntelliJ IDEA Ultimate 2020.1 x64\IDEE\plugins\junit\lib\junit-rt.jar;C:\Program Files\Java\jdk1.8.0_271\jre\lib\charsets.jar;C:\Program Files\Java\jdk1.8.0_271\jre\lib\deploy.jar;C:\Program Files\Java\jdk1.8.0_271\jre\lib\ext\access-bridge-64.jar;C:\Program Files\Java\jdk1.8.0_271\jre\lib\ext\cldrdata.jar;C:\Program Files\Java\jdk1.8.0_271\jre\lib\ext\dnsns.jar;C:\Program Files\Java\jdk1.8.0_271\jre\lib\ext\jaccess.jar;C:\Program Files\Java\jdk1.8.0_271\jre\lib\ext\jfxrt.jar;C:\Program Files\Java\jdk1.8.0_271\jre\lib\ext\localedata.jar;C:\Program Files\Java\jdk1.8.0_271\jre\lib\ext\nashorn.jar;C:\Program Files\Java\jdk1.8.0_271\jre\lib\ext\sunec.jar;C:\Program Files\Java\jdk1.8.0_271\jre\lib\ext\sunjce_provider.jar;C:\Program Files\Java\jdk1.8.0_271\jre\lib\ext\sunmscapi.jar;C:\Program Files\Java\jdk1.8.0_271\jre\lib\ext\sunpkcs11.jar;C:\Program Files\Java\jdk1.8.0_271\jre\lib\ext\zipfs.jar;C:\Program Files\Java\jdk1.8.0_271\jre\lib\javaws.jar;C:\Program Files\Java\jdk1.8.0_271\jre\lib\jce.jar;C:\Program Files\Java\jdk1.8.0_271\jre\lib\jfr.jar;C:\Program Files\Java\jdk1.8.0_271\jre\lib\jfxswt.jar;C:\Program Files\Java\jdk1.8.0_271\jre\lib\jsse.jar;C:\Program Files\Java\jdk1.8.0_271\jre\lib\management-agent.jar;C:\Program Files\Java\jdk1.8.0_271\jre\lib\plugin.jar;C:\Program Files\Java\jdk1.8.0_271\jre\lib\resources.jar;C:\Program Files\Java\jdk1.8.0_271\jre\lib\rt.jar;D:\Kate\LessonsHillel\Examples\ShopmeEcommerce\ShopmeProject\ShopmeWebParent\ShopmeBackEnd\target\test-classes;D:\Kate\LessonsHillel\Examples\ShopmeEcommerce\ShopmeProject\ShopmeWebParent\ShopmeBackEnd\target\classes;C:\Users\pc\.m2\repository\org\springframework\boot\sprin
Launcher Type: SUN_STANDARD

Environment Variables:
JAVA_HOME=C:\Program Files\Java\jdk1.8.0_271
PATH=C:\Program Files\Common Files\Oracle\Java\javapath;C:\Program Files (x86)\Common Files\Oracle\Java\javapath;C:\ProgramData\Oracle\Java\javapath;C:\Windows\system32;C:\Windows;C:\Windows\System32\Wbem;C:\Windows\System32\WindowsPowerShell\v1.0\;C:\Windows\System32\OpenSSH\;C:\Program Files (x86)\NVIDIA Corporation\PhysX\Common;C:\Program Files\NVIDIA Corporation\NVIDIA NvDLISR;C:\Program Files\Common Files\Autodesk Shared\;C:\Program Files\Microsoft SQL Server\120\Tools\Binn\;D:\Program files\Git\cmd;C:\Program Files\Microsoft SQL Server\130\Tools\Binn\;C:\Program Files\Java\jdk1.8.0_271\bin;D:\Program Files\PostgreSQL\13\bin;C:\Users\pc\AppData\Local\Microsoft\WindowsApps
USERNAME=pc
OS=Windows_NT
PROCESSOR_IDENTIFIER=Intel64 Family 6 Model 158 Stepping 10, GenuineIntel



---------------  S Y S T E M  ---------------

OS: Windows 10.0 , 64 bit Build 18362 (10.0.18362.1500)

CPU:total 8 (initial active 8) (4 cores per cpu, 2 threads per core) family 6 model 158 stepping 10, cmov, cx8, fxsr, mmx, sse, sse2, sse3, ssse3, sse4.1, sse4.2, popcnt, avx, avx2, aes, clmul, erms, 3dnowpref, lzcnt, ht, tsc, tscinvbit, bmi1, bmi2, adx

Memory: 4k page, physical 8275188k(391608k free), swap 16467188k(4332k free)

vm_info: Java HotSpot(TM) 64-Bit Server VM (25.271-b09) for windows-amd64 JRE (1.8.0_271-b09), built on Sep 16 2020 19:14:59 by "" with MS VC++ 15.9 (VS2017)

time: Mon Nov  8 12:04:28 2021
timezone: Ainoi?iay Aa?iia (ceia)
elapsed time: 7.973925 seconds (0d 0h 0m 7s)

